SF:lib\main.dart
DA:3,0
DA:4,0
DA:8,2
DA:10,1
DA:12,0
DA:14,0
DA:15,0
DA:16,1
DA:17,0
DA:18,0
DA:19,0
DA:20,0
DA:21,0
DA:22,0
DA:25,0
LF:15
LH:3
end_of_record
SF:lib\config\di\route_observer_di.dart
DA:5,0
DA:7,0
DA:9,0
DA:11,0
DA:12,0
DA:14,0
DA:16,0
DA:18,0
DA:20,0
DA:22,0
DA:24,0
DA:26,0
DA:28,0
DA:30,0
DA:32,0
DA:34,0
LF:16
LH:0
end_of_record
SF:lib\config\di\app_di_config.dart
DA:3,0
DA:19,0
DA:22,0
DA:24,0
DA:25,0
DA:26,0
DA:27,0
DA:33,0
DA:34,0
DA:35,0
LF:10
LH:0
end_of_record
SF:lib\config\di\tracking_di.dart
DA:6,0
DA:8,0
DA:9,0
DA:10,0
DA:14,0
DA:16,0
DA:19,0
DA:21,0
DA:24,0
DA:26,0
DA:29,0
DA:31,0
DA:35,0
DA:44,0
DA:46,0
DA:49,0
DA:51,0
DA:54,0
DA:55,0
DA:62,0
DA:64,0
DA:67,0
DA:69,0
DA:72,0
DA:73,0
DA:74,0
DA:75,0
LF:27
LH:0
end_of_record
SF:lib\config\di\network_di.dart
DA:5,0
DA:9,0
DA:10,0
DA:12,0
DA:13,0
DA:15,0
DA:18,0
DA:21,0
DA:23,0
DA:25,0
DA:27,0
DA:29,0
DA:35,0
DA:36,0
DA:40,0
DA:46,0
DA:47,0
LF:17
LH:0
end_of_record
SF:lib\config\routes\app_routes_data.dart
DA:6,1
DA:7,0
DA:14,1
DA:15,0
DA:22,1
DA:23,0
DA:39,1
DA:41,0
DA:46,1
DA:47,0
DA:52,1
DA:53,0
DA:58,1
DA:59,0
DA:64,1
DA:65,0
DA:71,1
DA:72,0
DA:426,1
DA:428,0
DA:430,0
DA:436,0
DA:439,0
DA:440,0
DA:443,0
DA:445,0
DA:447,0
DA:448,0
DA:456,0
DA:458,0
DA:462,1
DA:464,0
DA:470,1
DA:472,0
DA:478,1
DA:480,0
DA:486,1
DA:487,0
DA:493,1
DA:495,0
DA:500,1
DA:502,0
DA:507,1
DA:509,0
DA:514,1
DA:516,0
DA:521,1
DA:523,0
DA:528,1
DA:530,0
DA:535,1
DA:537,0
DA:542,1
DA:544,0
DA:549,1
DA:551,0
DA:556,1
DA:558,0
DA:563,1
DA:565,0
DA:570,1
DA:572,0
DA:574,0
DA:575,0
DA:580,1
DA:582,0
DA:588,0
DA:590,0
DA:594,1
DA:595,0
DA:600,1
DA:602,0
DA:607,1
DA:609,0
DA:614,1
DA:616,0
DA:621,1
DA:623,0
DA:628,1
DA:630,0
DA:635,1
DA:637,0
DA:642,1
DA:644,0
DA:649,1
DA:651,0
DA:656,1
DA:658,0
DA:663,1
DA:665,0
DA:670,1
DA:672,0
DA:677,1
DA:679,0
DA:684,1
DA:686,0
DA:691,1
DA:693,0
DA:698,1
DA:700,0
DA:705,1
DA:707,0
DA:712,1
DA:714,0
DA:719,1
DA:720,0
DA:725,1
DA:726,0
DA:731,1
DA:733,0
DA:738,1
DA:740,0
DA:745,1
DA:747,0
DA:752,1
DA:754,0
DA:760,0
DA:762,0
DA:766,0
DA:767,0
DA:772,1
DA:774,0
DA:779,1
DA:781,0
DA:786,1
DA:788,0
DA:793,1
DA:795,0
DA:800,1
DA:802,0
DA:807,1
DA:809,0
DA:815,0
DA:817,0
DA:821,1
DA:822,0
DA:827,1
DA:829,0
DA:834,1
DA:836,0
DA:841,1
DA:843,0
DA:848,1
DA:849,0
DA:854,1
DA:856,0
DA:861,1
DA:863,0
DA:869,0
DA:871,0
DA:875,1
DA:876,0
DA:881,1
DA:883,0
DA:888,1
DA:890,0
DA:895,1
DA:897,0
DA:902,1
DA:904,0
DA:909,1
DA:911,0
DA:916,1
DA:919,0
DA:921,0
DA:922,0
DA:927,1
DA:930,0
DA:935,1
DA:938,0
DA:940,0
DA:941,0
DA:946,1
DA:948,0
DA:953,1
DA:956,0
DA:958,0
DA:959,0
DA:964,1
DA:967,0
DA:969,0
DA:970,0
DA:975,1
DA:976,0
DA:977,0
DA:981,1
DA:983,0
DA:988,1
DA:990,0
DA:995,1
DA:997,0
DA:1002,1
DA:1004,0
DA:1009,1
DA:1011,0
DA:1016,1
DA:1018,0
DA:1023,1
DA:1025,0
DA:1030,1
DA:1032,0
DA:1037,1
DA:1039,0
DA:1044,1
DA:1046,0
DA:1051,1
DA:1053,0
DA:1058,1
DA:1060,0
DA:1062,0
DA:1063,0
DA:1068,1
DA:1070,0
DA:1075,1
DA:1077,0
DA:1082,1
DA:1085,0
DA:1087,0
DA:1088,0
DA:1093,1
DA:1096,0
DA:1098,0
DA:1099,0
DA:1106,1
DA:1107,0
DA:1108,0
LF:226
LH:94
end_of_record
SF:lib\config\routes\app_pages.dart
DA:4,2
DA:5,1
DA:8,0
DA:9,0
LF:4
LH:2
end_of_record
SF:lib\config\routes\app_routes_config.dart
DA:5,0
DA:6,0
DA:10,1
DA:12,0
DA:14,0
DA:15,0
DA:16,0
DA:17,0
DA:18,0
DA:19,0
DA:20,0
LF:11
LH:1
end_of_record
SF:lib\config\routes\routes.g.dart
DA:9,0
DA:10,0
DA:11,0
DA:12,0
DA:13,0
DA:14,0
DA:15,0
DA:16,0
DA:19,0
DA:26,0
DA:28,0
DA:32,0
DA:34,0
DA:36,0
DA:37,0
DA:39,0
DA:42,0
DA:49,0
DA:51,0
DA:55,0
DA:57,0
DA:59,0
DA:60,0
DA:62,0
DA:65,0
DA:72,0
DA:74,0
DA:78,0
DA:80,0
DA:82,0
DA:83,0
DA:85,0
DA:88,0
DA:92,0
DA:93,0
DA:98,0
DA:103,0
DA:108,0
DA:117,0
DA:119,0
DA:123,0
DA:125,0
DA:127,0
DA:128,0
DA:130,0
DA:134,0
DA:137,0
DA:141,0
DA:143,0
DA:145,0
DA:146,0
DA:148,0
DA:152,0
DA:154,0
DA:158,0
DA:160,0
DA:162,0
DA:163,0
DA:165,0
DA:169,0
DA:172,0
DA:176,0
DA:178,0
DA:180,0
DA:181,0
DA:183,0
DA:187,0
DA:190,0
DA:194,0
DA:196,0
DA:198,0
DA:199,0
DA:201,0
DA:204,0
DA:211,0
DA:213,0
DA:217,0
DA:219,0
DA:221,0
DA:222,0
DA:224,0
DA:227,0
DA:228,0
DA:230,0
DA:231,0
DA:232,0
DA:233,0
DA:234,0
DA:238,0
DA:239,0
DA:244,0
DA:249,0
DA:253,0
DA:254,0
DA:259,0
DA:263,0
DA:264,0
DA:271,0
DA:276,0
DA:281,0
DA:285,0
DA:286,0
DA:290,0
DA:291,0
DA:295,0
DA:296,0
DA:306,0
DA:310,0
DA:311,0
DA:316,0
DA:317,0
DA:330,0
DA:339,0
DA:340,0
DA:341,0
DA:342,0
DA:346,0
DA:347,0
DA:351,0
DA:352,0
DA:357,0
DA:364,0
DA:369,0
DA:373,0
DA:374,0
DA:381,0
DA:386,0
DA:390,0
DA:391,0
DA:398,0
DA:403,0
DA:408,0
DA:413,0
DA:417,0
DA:418,0
DA:425,0
DA:429,0
DA:430,0
DA:435,0
DA:442,0
DA:446,0
DA:447,0
DA:451,0
DA:452,0
DA:459,0
DA:466,0
DA:470,0
DA:471,0
DA:476,0
DA:481,0
DA:488,0
DA:493,0
DA:502,0
DA:503,0
DA:504,0
DA:505,0
DA:509,0
DA:510,0
DA:515,0
DA:524,0
DA:525,0
DA:526,0
DA:527,0
DA:531,0
DA:532,0
DA:537,0
DA:541,0
DA:542,0
DA:548,0
DA:553,0
DA:564,0
DA:565,0
DA:566,0
DA:567,0
DA:571,0
DA:572,0
DA:577,0
DA:582,0
DA:586,0
DA:587,0
DA:594,0
DA:598,0
DA:599,0
DA:604,0
DA:608,0
DA:609,0
DA:616,0
DA:621,0
DA:625,0
DA:626,0
DA:631,0
DA:638,0
DA:642,0
DA:643,0
DA:648,0
DA:653,0
DA:658,0
DA:664,0
DA:668,0
DA:669,0
DA:675,0
DA:683,0
DA:688,0
DA:693,0
DA:698,0
DA:703,0
DA:709,0
DA:717,0
DA:722,0
DA:737,0
DA:742,0
DA:744,0
DA:748,0
DA:750,0
DA:752,0
DA:753,0
DA:755,0
DA:759,0
DA:762,0
DA:766,0
DA:768,0
DA:770,0
DA:771,0
DA:773,0
DA:777,0
DA:779,0
DA:783,0
DA:785,0
DA:787,0
DA:788,0
DA:790,0
DA:794,0
DA:797,0
DA:801,0
DA:803,0
DA:805,0
DA:806,0
DA:808,0
DA:812,0
DA:815,0
DA:819,0
DA:821,0
DA:823,0
DA:824,0
DA:826,0
DA:830,0
DA:833,0
DA:837,0
DA:839,0
DA:841,0
DA:842,0
DA:844,0
DA:848,0
DA:851,0
DA:855,0
DA:857,0
DA:859,0
DA:860,0
DA:862,0
DA:866,0
DA:869,0
DA:873,0
DA:875,0
DA:877,0
DA:878,0
DA:880,0
DA:884,0
DA:887,0
DA:891,0
DA:893,0
DA:895,0
DA:896,0
DA:898,0
DA:902,0
DA:905,0
DA:909,0
DA:911,0
DA:913,0
DA:914,0
DA:916,0
DA:920,0
DA:923,0
DA:927,0
DA:929,0
DA:931,0
DA:932,0
DA:934,0
DA:938,0
DA:941,0
DA:945,0
DA:947,0
DA:949,0
DA:950,0
DA:952,0
DA:956,0
DA:959,0
DA:963,0
DA:965,0
DA:967,0
DA:968,0
DA:970,0
DA:974,0
DA:977,0
DA:981,0
DA:983,0
DA:985,0
DA:986,0
DA:988,0
DA:992,0
DA:995,0
DA:999,0
DA:1001,0
DA:1003,0
DA:1004,0
DA:1006,0
DA:1010,0
DA:1012,0
DA:1016,0
DA:1018,0
DA:1020,0
DA:1021,0
DA:1023,0
DA:1027,0
DA:1029,0
DA:1033,0
DA:1035,0
DA:1037,0
DA:1038,0
DA:1040,0
DA:1044,0
DA:1046,0
DA:1050,0
DA:1052,0
DA:1054,0
DA:1055,0
DA:1057,0
DA:1061,0
DA:1064,0
DA:1068,0
DA:1070,0
DA:1072,0
DA:1073,0
DA:1075,0
DA:1079,0
DA:1082,0
DA:1086,0
DA:1088,0
DA:1090,0
DA:1091,0
DA:1093,0
DA:1097,0
DA:1100,0
DA:1104,0
DA:1106,0
DA:1108,0
DA:1109,0
DA:1111,0
DA:1115,0
DA:1118,0
DA:1122,0
DA:1124,0
DA:1126,0
DA:1127,0
DA:1129,0
DA:1133,0
DA:1136,0
DA:1140,0
DA:1142,0
DA:1144,0
DA:1145,0
DA:1147,0
DA:1151,0
DA:1154,0
DA:1158,0
DA:1160,0
DA:1162,0
DA:1163,0
DA:1165,0
DA:1170,0
DA:1173,0
DA:1177,0
DA:1179,0
DA:1181,0
DA:1182,0
DA:1184,0
DA:1188,0
DA:1190,0
DA:1194,0
DA:1196,0
DA:1198,0
DA:1199,0
DA:1201,0
DA:1205,0
DA:1208,0
DA:1212,0
DA:1214,0
DA:1216,0
DA:1217,0
DA:1219,0
DA:1223,0
DA:1226,0
DA:1230,0
DA:1232,0
DA:1234,0
DA:1235,0
DA:1237,0
DA:1241,0
DA:1244,0
DA:1248,0
DA:1250,0
DA:1252,0
DA:1253,0
DA:1255,0
DA:1259,0
DA:1262,0
DA:1266,0
DA:1268,0
DA:1270,0
DA:1271,0
DA:1273,0
DA:1277,0
DA:1280,0
DA:1284,0
DA:1286,0
DA:1288,0
DA:1289,0
DA:1291,0
DA:1295,0
DA:1298,0
DA:1302,0
DA:1304,0
DA:1306,0
DA:1307,0
DA:1309,0
DA:1313,0
DA:1316,0
DA:1320,0
DA:1322,0
DA:1324,0
DA:1325,0
DA:1327,0
DA:1331,0
DA:1334,0
DA:1338,0
DA:1340,0
DA:1342,0
DA:1343,0
DA:1345,0
DA:1349,0
DA:1352,0
DA:1356,0
DA:1358,0
DA:1360,0
DA:1361,0
DA:1363,0
DA:1367,0
DA:1369,0
DA:1373,0
DA:1375,0
DA:1377,0
DA:1378,0
DA:1380,0
DA:1384,0
DA:1387,0
DA:1391,0
DA:1393,0
DA:1395,0
DA:1396,0
DA:1398,0
DA:1402,0
DA:1405,0
DA:1409,0
DA:1411,0
DA:1413,0
DA:1414,0
DA:1416,0
DA:1420,0
DA:1423,0
DA:1427,0
DA:1429,0
DA:1431,0
DA:1432,0
DA:1434,0
DA:1438,0
DA:1440,0
DA:1444,0
DA:1446,0
DA:1448,0
DA:1449,0
DA:1451,0
DA:1455,0
DA:1458,0
DA:1462,0
DA:1464,0
DA:1466,0
DA:1467,0
DA:1469,0
DA:1473,0
DA:1476,0
DA:1480,0
DA:1482,0
DA:1484,0
DA:1485,0
DA:1487,0
DA:1491,0
DA:1494,0
DA:1498,0
DA:1500,0
DA:1502,0
DA:1503,0
DA:1505,0
DA:1509,0
DA:1512,0
DA:1516,0
DA:1518,0
DA:1520,0
DA:1521,0
DA:1523,0
DA:1527,0
DA:1529,0
DA:1533,0
DA:1535,0
DA:1537,0
DA:1538,0
DA:1540,0
DA:1544,0
DA:1546,0
DA:1550,0
DA:1552,0
DA:1554,0
DA:1555,0
DA:1557,0
DA:1561,0
DA:1564,0
DA:1568,0
DA:1570,0
DA:1572,0
DA:1573,0
DA:1575,0
DA:1579,0
DA:1582,0
DA:1586,0
DA:1588,0
DA:1590,0
DA:1591,0
DA:1593,0
DA:1597,0
DA:1600,0
DA:1604,0
DA:1606,0
DA:1608,0
DA:1609,0
DA:1611,0
DA:1615,0
DA:1618,0
DA:1622,0
DA:1624,0
DA:1626,0
DA:1627,0
DA:1629,0
DA:1633,0
DA:1636,0
DA:1640,0
DA:1642,0
DA:1644,0
DA:1645,0
DA:1647,0
DA:1652,0
DA:1655,0
DA:1659,0
DA:1661,0
DA:1663,0
DA:1664,0
DA:1666,0
DA:1670,0
DA:1673,0
DA:1677,0
DA:1679,0
DA:1681,0
DA:1682,0
DA:1684,0
DA:1688,0
DA:1690,0
DA:1694,0
DA:1696,0
DA:1698,0
DA:1699,0
DA:1701,0
DA:1705,0
DA:1707,0
DA:1711,0
DA:1713,0
DA:1715,0
DA:1716,0
DA:1718,0
DA:1722,0
DA:1725,0
DA:1729,0
DA:1731,0
DA:1733,0
DA:1734,0
DA:1736,0
DA:1740,0
DA:1742,0
DA:1746,0
DA:1748,0
DA:1750,0
DA:1751,0
DA:1753,0
DA:1757,0
DA:1759,0
DA:1763,0
DA:1765,0
DA:1767,0
DA:1768,0
DA:1770,0
DA:1774,0
DA:1776,0
DA:1780,0
DA:1782,0
DA:1784,0
DA:1785,0
DA:1787,0
DA:1791,0
DA:1793,0
DA:1797,0
DA:1799,0
DA:1801,0
DA:1802,0
DA:1804,0
DA:1808,0
DA:1811,0
DA:1815,0
DA:1817,0
DA:1819,0
DA:1820,0
DA:1822,0
DA:1826,0
DA:1829,0
DA:1833,0
DA:1835,0
DA:1837,0
DA:1838,0
DA:1840,0
DA:1844,0
DA:1847,0
DA:1851,0
DA:1853,0
DA:1855,0
DA:1856,0
DA:1858,0
DA:1862,0
DA:1864,0
DA:1868,0
DA:1870,0
DA:1872,0
DA:1873,0
DA:1875,0
DA:1879,0
DA:1882,0
DA:1886,0
DA:1888,0
DA:1890,0
DA:1891,0
DA:1893,0
DA:1897,0
DA:1900,0
DA:1904,0
DA:1906,0
DA:1908,0
DA:1909,0
DA:1911,0
DA:1915,0
DA:1918,0
DA:1922,0
DA:1924,0
DA:1926,0
DA:1927,0
DA:1929,0
DA:1933,0
DA:1935,0
DA:1939,0
DA:1941,0
DA:1943,0
DA:1944,0
DA:1946,0
DA:1950,0
DA:1952,0
DA:1956,0
DA:1958,0
DA:1960,0
DA:1961,0
DA:1963,0
DA:1967,0
DA:1970,0
DA:1974,0
DA:1976,0
DA:1978,0
DA:1979,0
DA:1981,0
DA:1985,0
DA:1987,0
DA:1991,0
DA:1993,0
DA:1995,0
DA:1996,0
DA:1998,0
DA:2002,0
DA:2005,0
DA:2009,0
DA:2011,0
DA:2013,0
DA:2014,0
DA:2016,0
DA:2020,0
DA:2023,0
DA:2027,0
DA:2029,0
DA:2031,0
DA:2032,0
DA:2034,0
DA:2038,0
DA:2041,0
DA:2045,0
DA:2047,0
DA:2049,0
DA:2050,0
DA:2052,0
DA:2056,0
DA:2059,0
DA:2063,0
DA:2065,0
DA:2067,0
DA:2068,0
DA:2070,0
DA:2074,0
DA:2077,0
DA:2081,0
DA:2083,0
DA:2085,0
DA:2086,0
DA:2088,0
DA:2092,0
DA:2095,0
DA:2099,0
DA:2101,0
DA:2103,0
DA:2104,0
DA:2106,0
DA:2110,0
DA:2113,0
DA:2117,0
DA:2119,0
DA:2121,0
DA:2122,0
DA:2124,0
DA:2128,0
DA:2131,0
DA:2135,0
DA:2137,0
DA:2139,0
DA:2140,0
DA:2142,0
DA:2147,0
DA:2150,0
DA:2154,0
DA:2156,0
DA:2158,0
DA:2159,0
DA:2161,0
DA:2165,0
DA:2168,0
DA:2172,0
DA:2174,0
DA:2176,0
DA:2177,0
DA:2179,0
DA:2183,0
DA:2185,0
DA:2189,0
DA:2191,0
DA:2193,0
DA:2194,0
DA:2196,0
DA:2200,0
DA:2203,0
DA:2207,0
DA:2209,0
DA:2211,0
DA:2212,0
DA:2214,0
DA:2217,0
DA:2224,0
DA:2227,0
DA:2231,0
DA:2233,0
DA:2235,0
DA:2236,0
DA:2238,0
LF:799
LH:0
end_of_record
SF:lib\config\services\file\media_service.dart
DA:4,0
DA:5,0
DA:7,0
DA:8,0
DA:9,0
DA:11,0
DA:12,0
DA:16,0
DA:22,0
DA:23,0
DA:24,0
DA:26,0
DA:27,0
DA:31,0
DA:33,0
DA:35,0
DA:37,0
DA:38,0
DA:39,0
DA:42,0
DA:44,0
DA:46,0
DA:48,0
DA:50,0
DA:52,0
DA:54,0
DA:56,0
DA:60,0
DA:66,0
DA:67,0
DA:68,0
DA:69,0
DA:70,0
DA:71,0
DA:75,0
DA:76,0
DA:77,0
DA:81,0
DA:84,0
DA:89,0
DA:90,0
DA:91,0
DA:95,0
DA:96,0
DA:99,0
DA:103,0
DA:108,0
DA:109,0
DA:110,0
DA:114,0
DA:115,0
DA:116,0
DA:119,0
DA:123,0
DA:128,0
DA:129,0
DA:130,0
DA:134,0
DA:135,0
DA:138,0
DA:140,0
DA:145,0
DA:146,0
DA:147,0
DA:148,0
DA:151,0
DA:152,0
DA:153,0
DA:155,0
DA:156,0
DA:160,0
DA:161,0
DA:162,0
DA:166,0
DA:167,0
DA:168,0
DA:170,0
DA:177,0
DA:178,0
DA:179,0
DA:183,0
DA:186,0
DA:191,0
DA:192,0
DA:193,0
DA:197,0
DA:198,0
DA:201,0
DA:205,0
DA:210,0
DA:211,0
DA:212,0
DA:215,0
DA:222,0
DA:223,0
DA:224,0
DA:225,0
DA:228,0
DA:229,0
DA:230,0
DA:234,0
DA:235,0
DA:236,0
DA:237,0
DA:240,0
DA:244,0
DA:249,0
DA:250,0
DA:251,0
DA:255,0
DA:256,0
DA:259,0
DA:261,0
DA:266,0
DA:267,0
DA:268,0
DA:269,0
DA:272,0
DA:275,0
DA:276,0
DA:278,0
DA:282,0
DA:283,0
DA:287,0
DA:288,0
DA:291,0
DA:292,0
DA:295,0
DA:297,0
DA:321,0
DA:322,0
DA:323,0
DA:327,0
DA:328,0
DA:329,0
DA:333,0
DA:338,0
DA:339,0
DA:340,0
DA:344,0
DA:345,0
DA:348,0
DA:352,0
DA:357,0
DA:358,0
DA:359,0
DA:363,0
DA:364,0
DA:365,0
DA:368,0
DA:372,0
DA:377,0
DA:378,0
DA:379,0
DA:383,0
DA:388,0
DA:389,0
DA:393,0
DA:398,0
DA:399,0
DA:400,0
DA:401,0
DA:404,0
DA:409,0
DA:410,0
DA:412,0
DA:414,0
DA:415,0
DA:419,0
DA:421,0
DA:422,0
DA:426,0
DA:427,0
DA:428,0
DA:432,0
DA:433,0
DA:434,0
DA:437,0
DA:438,0
DA:439,0
DA:444,0
LF:181
LH:0
end_of_record
SF:lib\config\services\tracking\mock_tracking_service.dart
DA:19,0
DA:21,0
DA:22,0
DA:25,0
DA:27,0
DA:28,0
DA:31,0
DA:33,0
DA:34,0
DA:37,0
DA:42,0
DA:43,0
DA:45,0
DA:49,0
DA:54,0
DA:55,0
DA:61,0
DA:68,0
DA:69,0
DA:75,0
DA:81,0
DA:82,0
DA:88,0
DA:90,0
DA:91,0
DA:92,0
DA:93,0
DA:96,0
DA:98,0
DA:102,0
DA:103,0
DA:104,0
DA:105,0
DA:106,0
DA:107,0
DA:108,0
DA:109,0
DA:110,0
DA:114,0
DA:115,0
DA:119,0
DA:120,0
DA:124,0
DA:125,0
DA:129,0
DA:130,0
DA:139,0
DA:147,0
DA:155,0
DA:163,0
LF:50
LH:0
end_of_record
SF:lib\config\services\app\route_observer_service.dart
DA:4,0
DA:9,0
DA:11,0
DA:13,0
DA:14,0
DA:15,0
DA:18,0
DA:20,0
DA:21,0
DA:22,0
DA:25,0
DA:27,0
DA:28,0
DA:29,0
DA:32,0
DA:34,0
DA:35,0
DA:36,0
DA:39,0
DA:41,0
DA:44,0
DA:46,0
DA:49,0
DA:51,0
DA:55,0
DA:56,0
DA:59,0
DA:60,0
DA:63,0
DA:64,0
DA:67,0
DA:68,0
DA:72,0
DA:73,0
DA:77,0
DA:78,0
DA:83,0
DA:87,0
DA:91,0
DA:95,0
DA:99,0
DA:103,0
LF:42
LH:0
end_of_record
SF:lib\config\services\file\file_service.dart
DA:4,0
DA:6,0
DA:10,0
DA:12,0
DA:15,0
DA:18,0
DA:19,0
DA:20,0
DA:24,0
DA:27,0
DA:28,0
DA:31,0
DA:32,0
DA:33,0
DA:36,0
DA:37,0
DA:38,0
DA:41,0
DA:42,0
DA:43,0
DA:44,0
DA:46,0
DA:47,0
DA:50,0
DA:51,0
DA:52,0
DA:56,0
DA:57,0
DA:63,0
DA:64,0
DA:65,0
DA:69,0
DA:70,0
DA:77,0
DA:78,0
DA:79,0
DA:82,0
DA:83,0
DA:86,0
DA:87,0
DA:88,0
DA:89,0
DA:91,0
DA:92,0
DA:95,0
DA:96,0
DA:97,0
DA:101,0
DA:102,0
DA:104,0
DA:109,0
DA:110,0
DA:111,0
DA:112,0
DA:115,0
DA:116,0
DA:118,0
DA:119,0
LF:58
LH:0
end_of_record
SF:lib\config\services\device\hydrated_service.dart
DA:4,0
DA:5,0
DA:6,0
LF:3
LH:0
end_of_record
SF:lib\config\services\livestream\live_service.dart
DA:12,0
DA:14,0
DA:15,0
DA:16,0
DA:17,0
DA:18,0
DA:21,0
DA:22,0
DA:23,0
DA:24,0
DA:25,0
DA:26,0
DA:27,0
DA:29,0
DA:31,0
DA:36,0
DA:37,0
DA:42,0
DA:44,0
DA:51,0
DA:53,0
DA:55,0
DA:57,0
DA:65,0
DA:66,0
DA:68,0
DA:72,0
DA:73,0
DA:77,0
DA:88,0
DA:89,0
DA:90,0
DA:91,0
DA:93,0
DA:97,0
DA:110,0
DA:111,0
DA:112,0
DA:114,0
DA:118,0
DA:120,0
DA:122,0
DA:123,0
DA:129,0
DA:130,0
DA:133,0
DA:134,0
DA:137,0
DA:138,0
DA:141,0
DA:142,0
LF:51
LH:0
end_of_record
SF:lib\config\services\network\interceptor_service.dart
DA:13,0
DA:24,0
DA:26,0
DA:27,0
DA:31,0
DA:32,0
DA:33,0
DA:34,0
DA:35,0
DA:36,0
DA:37,0
DA:38,0
DA:39,0
DA:40,0
DA:41,0
DA:43,0
DA:46,0
DA:47,0
DA:50,0
DA:52,0
DA:53,0
DA:57,0
DA:58,0
DA:61,0
DA:62,0
DA:63,0
DA:64,0
DA:65,0
DA:66,0
DA:70,0
DA:71,0
DA:74,0
DA:75,0
DA:78,0
DA:80,0
DA:81,0
DA:82,0
DA:85,0
DA:86,0
DA:87,0
DA:88,0
DA:89,0
DA:93,0
DA:94,0
DA:97,0
DA:100,0
DA:101,0
DA:103,0
DA:107,0
DA:110,0
DA:112,0
DA:113,0
DA:115,0
DA:118,0
DA:119,0
DA:121,0
DA:122,0
DA:123,0
DA:126,0
DA:127,0
DA:128,0
DA:131,0
DA:134,0
DA:135,0
DA:137,0
DA:139,0
DA:142,0
DA:144,0
DA:147,0
DA:148,0
DA:151,0
DA:152,0
DA:153,0
DA:155,0
DA:157,0
DA:159,0
DA:160,0
DA:168,0
DA:170,0
DA:172,0
DA:174,0
DA:177,0
DA:178,0
DA:179,0
DA:182,0
DA:187,0
DA:191,0
DA:192,0
DA:195,0
DA:197,0
DA:198,0
DA:201,0
DA:203,0
DA:204,0
DA:207,0
DA:208,0
DA:210,0
DA:211,0
DA:213,0
DA:214,0
DA:216,0
DA:217,0
DA:222,0
DA:223,0
DA:225,0
DA:226,0
DA:228,0
DA:229,0
DA:231,0
DA:232,0
DA:237,0
DA:238,0
DA:239,0
DA:242,0
DA:243,0
DA:244,0
DA:247,0
DA:248,0
DA:249,0
DA:254,0
DA:256,0
DA:258,0
DA:259,0
DA:263,0
DA:264,0
DA:267,0
DA:268,0
DA:269,0
DA:272,0
DA:273,0
DA:274,0
DA:275,0
DA:276,0
DA:280,0
DA:281,0
DA:284,0
LF:136
LH:0
end_of_record
SF:lib\config\services\notification\notification_service.dart
DA:4,0
DA:5,0
DA:6,0
DA:7,0
DA:9,0
DA:12,0
DA:16,0
DA:17,0
DA:19,0
DA:20,0
DA:34,0
DA:35,0
DA:43,0
DA:46,0
DA:49,0
DA:58,0
DA:59,0
DA:63,0
DA:64,0
DA:68,0
DA:69,0
DA:73,0
DA:74,0
DA:76,0
DA:77,0
DA:79,0
DA:80,0
DA:81,0
DA:83,0
DA:88,0
DA:89,0
DA:93,0
DA:106,0
DA:108,0
DA:109,0
DA:110,0
DA:123,0
DA:124,0
DA:126,0
DA:135,0
DA:137,0
DA:138,0
DA:139,0
DA:142,0
DA:148,0
DA:158,0
DA:160,0
DA:162,0
DA:163,0
DA:165,0
DA:169,0
DA:170,0
DA:173,0
DA:174,0
DA:177,0
DA:178,0
DA:179,0
DA:182,0
DA:183,0
DA:184,0
DA:185,0
DA:186,0
DA:187,0
LF:63
LH:0
end_of_record
SF:lib\config\services\app\isolate_service.dart
DA:4,0
DA:6,0
DA:9,0
DA:10,0
DA:17,0
DA:18,0
DA:19,0
DA:20,0
DA:23,0
DA:24,0
DA:28,0
DA:29,0
DA:32,0
DA:33,0
DA:45,0
DA:46,0
DA:47,0
DA:48,0
DA:49,0
DA:50,0
DA:51,0
DA:54,0
DA:55,0
DA:56,0
DA:57,0
DA:58,0
DA:59,0
DA:60,0
DA:63,0
DA:64,0
DA:65,0
DA:68,0
DA:70,0
DA:71,0
DA:72,0
DA:74,0
DA:75,0
DA:82,0
DA:84,0
DA:90,0
DA:94,0
DA:95,0
DA:98,0
DA:99,0
DA:100,0
DA:101,0
DA:104,0
DA:108,0
DA:109,0
DA:110,0
DA:111,0
DA:120,0
DA:122,0
DA:123,0
DA:125,0
DA:130,0
DA:131,0
DA:132,0
DA:134,0
DA:135,0
DA:137,0
DA:140,0
DA:143,0
DA:144,0
DA:145,0
DA:146,0
DA:147,0
DA:148,0
LF:68
LH:0
end_of_record
SF:lib\config\services\tracking\no_op_tracking_service.dart
DA:7,0
DA:10,0
DA:13,0
DA:16,0
DA:19,0
DA:22,0
DA:25,0
DA:31,0
DA:34,0
DA:40,0
DA:43,0
DA:51,0
DA:54,0
DA:61,0
DA:64,0
DA:67,0
DA:70,0
DA:73,0
LF:18
LH:0
end_of_record
SF:lib\config\services\device\camera_service.dart
DA:4,0
DA:7,0
DA:9,0
DA:12,0
DA:15,0
DA:16,0
DA:17,0
DA:18,0
DA:23,0
DA:25,0
DA:26,0
DA:30,0
DA:34,0
DA:36,0
DA:37,0
DA:40,0
DA:43,0
DA:48,0
DA:49,0
DA:52,0
DA:55,0
DA:57,0
DA:59,0
DA:61,0
DA:63,0
DA:70,0
DA:71,0
DA:72,0
DA:75,0
DA:76,0
DA:78,0
DA:79,0
DA:83,0
DA:84,0
DA:89,0
DA:90,0
DA:91,0
DA:94,0
DA:99,0
DA:100,0
DA:101,0
DA:105,0
DA:106,0
DA:109,0
DA:114,0
DA:116,0
DA:117,0
DA:118,0
DA:121,0
DA:122,0
DA:126,0
DA:127,0
DA:128,0
DA:132,0
DA:134,0
DA:138,0
DA:139,0
DA:140,0
DA:144,0
DA:146,0
DA:147,0
DA:149,0
DA:154,0
DA:156,0
DA:157,0
DA:158,0
DA:161,0
DA:162,0
DA:167,0
DA:168,0
DA:172,0
DA:173,0
DA:174,0
DA:178,0
DA:179,0
DA:181,0
DA:185,0
DA:186,0
DA:187,0
DA:191,0
DA:192,0
DA:195,0
DA:196,0
DA:197,0
DA:200,0
DA:205,0
DA:206,0
DA:209,0
DA:210,0
DA:211,0
DA:214,0
DA:215,0
DA:216,0
DA:219,0
DA:220,0
LF:95
LH:0
end_of_record
SF:lib\config\services\notification\notification_setting_service.dart
DA:4,0
DA:5,0
DA:6,0
DA:8,0
DA:9,0
DA:10,0
DA:11,0
DA:13,0
DA:14,0
DA:18,0
DA:19,0
DA:20,0
DA:25,0
DA:27,0
DA:28,0
DA:32,0
DA:33,0
DA:34,0
DA:35,0
DA:36,0
DA:37,0
DA:38,0
DA:42,0
DA:44,0
DA:46,0
DA:50,0
DA:51,0
LF:27
LH:0
end_of_record
SF:lib\config\services\iap\in_app_service.dart
DA:6,0
DA:7,0
DA:22,0
DA:24,0
DA:25,0
DA:26,0
DA:28,0
DA:36,0
DA:37,0
DA:38,0
DA:39,0
DA:40,0
DA:43,0
DA:44,0
DA:46,0
DA:47,0
DA:49,0
DA:50,0
DA:54,0
DA:56,0
DA:57,0
DA:58,0
DA:60,0
DA:64,0
DA:66,0
DA:69,0
DA:70,0
DA:72,0
DA:73,0
DA:75,0
DA:76,0
DA:80,0
DA:84,0
DA:86,0
DA:88,0
DA:92,0
DA:93,0
DA:94,0
DA:95,0
DA:96,0
DA:97,0
DA:99,0
DA:100,0
DA:101,0
DA:102,0
DA:107,0
DA:108,0
DA:109,0
DA:110,0
DA:111,0
DA:113,0
DA:114,0
DA:115,0
DA:117,0
DA:118,0
DA:119,0
DA:121,0
DA:124,0
DA:125,0
DA:131,0
DA:132,0
DA:137,0
DA:142,0
DA:146,0
DA:148,0
DA:154,0
DA:155,0
DA:158,0
DA:159,0
DA:162,0
DA:163,0
DA:166,0
DA:167,0
LF:73
LH:0
end_of_record
SF:lib\config\services\tracking\composite_tracking_service.dart
DA:12,0
DA:14,0
DA:16,0
DA:19,0
DA:20,0
DA:24,0
DA:26,0
DA:29,0
DA:30,0
DA:34,0
DA:36,0
DA:39,0
DA:40,0
DA:44,0
DA:49,0
DA:52,0
DA:53,0
DA:57,0
DA:62,0
DA:65,0
DA:66,0
DA:70,0
DA:77,0
DA:80,0
DA:81,0
DA:90,0
DA:96,0
DA:99,0
DA:100,0
DA:104,0
DA:106,0
DA:109,0
DA:110,0
DA:114,0
DA:116,0
DA:119,0
DA:120,0
DA:125,0
DA:126,0
DA:129,0
DA:130,0
DA:135,0
DA:136,0
LF:43
LH:0
end_of_record
SF:lib\config\services\device\storage_service.dart
DA:4,0
DA:7,0
DA:8,0
DA:9,0
DA:12,0
DA:13,0
DA:17,0
DA:23,0
DA:29,0
DA:38,0
DA:44,0
DA:51,0
DA:54,0
DA:60,0
DA:67,0
DA:74,0
DA:78,0
DA:79,0
DA:80,0
DA:83,0
DA:84,0
DA:86,0
DA:94,0
DA:97,0
DA:98,0
DA:102,0
DA:108,0
DA:114,0
DA:115,0
DA:117,0
DA:125,0
DA:132,0
DA:133,0
DA:136,0
DA:139,0
DA:140,0
DA:143,0
DA:145,0
DA:150,0
DA:156,0
DA:157,0
DA:158,0
DA:160,0
LF:43
LH:0
end_of_record
SF:lib\config\services\app\app_service.dart
DA:4,0
DA:6,1
DA:7,0
DA:8,0
DA:9,0
DA:10,0
DA:11,0
DA:12,0
DA:13,0
DA:15,0
DA:16,0
DA:17,0
DA:19,0
DA:20,0
DA:21,0
DA:22,0
DA:23,0
DA:24,0
DA:25,0
DA:26,0
DA:27,0
DA:32,0
DA:33,0
DA:35,0
DA:36,0
DA:37,0
DA:38,0
DA:39,0
DA:40,0
DA:41,0
DA:42,0
DA:43,0
DA:44,0
DA:46,0
DA:47,0
DA:48,0
DA:53,0
DA:54,0
DA:57,0
DA:58,0
DA:61,0
DA:62,0
DA:63,0
DA:66,0
DA:67,0
DA:68,0
DA:77,0
DA:78,0
DA:81,0
DA:82,0
DA:84,0
DA:87,0
DA:88,0
DA:89,0
DA:90,0
DA:91,0
DA:95,0
DA:96,0
DA:97,0
DA:98,0
DA:102,0
DA:103,0
DA:104,0
DA:105,0
DA:106,0
DA:107,0
DA:108,0
DA:109,0
DA:110,0
DA:111,0
DA:112,0
DA:113,0
DA:114,0
DA:115,0
DA:116,0
DA:117,0
DA:118,0
DA:121,0
DA:123,0
LF:79
LH:1
end_of_record
SF:lib\config\services\device\device_info_service.dart
DA:4,0
DA:8,0
DA:9,0
DA:10,0
DA:11,0
DA:17,0
DA:18,0
DA:19,0
DA:22,0
DA:23,0
DA:24,0
DA:27,0
DA:28,0
DA:29,0
DA:35,0
DA:36,0
DA:37,0
DA:38,0
DA:39,0
DA:40,0
DA:43,0
DA:47,0
DA:48,0
DA:49,0
LF:24
LH:0
end_of_record
SF:lib\config\services\device\local_store_service.dart
DA:6,0
DA:9,0
DA:12,0
DA:13,0
DA:16,0
DA:17,0
DA:20,0
DA:21,0
DA:24,0
DA:25,0
DA:28,0
DA:29,0
DA:32,0
DA:33,0
DA:34,0
DA:37,0
DA:38,0
DA:41,0
DA:42,0
DA:43,0
DA:46,0
DA:47,0
DA:50,0
DA:51,0
DA:52,0
DA:55,0
DA:56,0
DA:59,0
DA:60,0
DA:61,0
DA:64,0
DA:65,0
DA:68,0
DA:69,0
DA:70,0
DA:73,0
DA:74,0
DA:77,0
DA:78,0
DA:79,0
DA:82,0
DA:83,0
DA:86,0
DA:87,0
DA:88,0
LF:45
LH:0
end_of_record
SF:lib\config\services\tracking\firebase_analytics_service.dart
DA:8,0
DA:11,0
DA:12,0
DA:14,0
DA:17,0
DA:18,0
DA:24,0
DA:26,0
DA:29,0
DA:30,0
DA:32,0
DA:33,0
DA:37,0
DA:39,0
DA:42,0
DA:43,0
DA:44,0
DA:45,0
DA:46,0
DA:52,0
DA:53,0
DA:54,0
DA:59,0
DA:64,0
DA:67,0
DA:69,0
DA:70,0
DA:75,0
DA:80,0
DA:82,0
DA:88,0
DA:95,0
DA:99,0
DA:100,0
DA:105,0
DA:109,0
DA:111,0
DA:112,0
DA:113,0
DA:118,0
DA:126,0
DA:132,0
DA:134,0
DA:137,0
DA:139,0
DA:143,0
DA:145,0
DA:147,0
DA:148,0
DA:155,0
DA:157,0
DA:158,0
DA:159,0
DA:163,0
DA:165,0
DA:167,0
DA:170,0
DA:171,0
DA:173,0
DA:175,0
DA:177,0
DA:180,0
DA:186,0
DA:188,0
DA:189,0
LF:65
LH:0
end_of_record
SF:lib\config\services\location\geolocator_service.dart
DA:4,0
DA:5,0
DA:7,0
DA:10,0
DA:12,0
DA:13,0
DA:16,0
DA:17,0
DA:20,0
DA:21,0
DA:25,0
DA:26,0
DA:29,0
DA:40,0
DA:41,0
DA:42,0
DA:47,0
DA:48,0
DA:49,0
DA:50,0
DA:51,0
DA:52,0
LF:22
LH:0
end_of_record
SF:lib\config\services\tracking\sentry_tracking_service.dart
DA:4,0
DA:6,0
DA:10,0
DA:11,0
DA:12,0
DA:15,0
DA:20,0
DA:24,0
DA:26,0
DA:27,0
DA:31,0
DA:35,0
DA:42,0
DA:43,0
DA:47,0
DA:53,0
DA:54,0
DA:56,0
DA:60,0
DA:63,0
DA:69,0
DA:71,0
DA:72,0
DA:73,0
DA:74,0
DA:80,0
DA:83,0
DA:86,0
DA:90,0
DA:92,0
DA:97,0
DA:98,0
DA:102,0
DA:110,0
DA:111,0
DA:112,0
DA:118,0
DA:119,0
DA:120,0
DA:125,0
DA:129,0
DA:132,0
DA:136,0
DA:142,0
DA:149,0
DA:152,0
DA:155,0
DA:156,0
DA:157,0
DA:161,0
DA:165,0
DA:166,0
LF:52
LH:0
end_of_record
SF:lib\config\services\location\map_service.dart
DA:21,0
DA:22,0
DA:24,0
DA:26,0
DA:28,0
DA:35,0
DA:36,0
DA:37,0
DA:39,0
DA:41,0
DA:43,0
DA:48,0
DA:49,0
DA:51,0
DA:53,0
DA:60,0
DA:61,0
DA:65,0
DA:66,0
DA:68,0
DA:69,0
DA:71,0
DA:72,0
DA:75,0
DA:76,0
DA:78,0
DA:80,0
DA:83,0
DA:84,0
DA:86,0
DA:88,0
DA:91,0
DA:92,0
DA:94,0
DA:95,0
DA:96,0
DA:99,0
DA:100,0
DA:104,0
DA:105,0
DA:107,0
DA:111,0
LF:42
LH:0
end_of_record
SF:lib\config\services\network\network_service.dart
DA:11,0
DA:19,0
DA:20,0
DA:21,0
DA:22,0
DA:25,0
DA:30,0
DA:31,0
DA:32,0
DA:33,0
DA:34,0
DA:35,0
DA:36,0
DA:37,0
DA:44,0
DA:45,0
DA:46,0
DA:47,0
DA:48,0
DA:49,0
DA:50,0
LF:21
LH:0
end_of_record
SF:lib\config\services\deeplink\deep_link_service.dart
DA:4,0
DA:7,0
DA:8,0
DA:10,0
DA:14,0
DA:15,0
LF:6
LH:0
end_of_record
SF:lib\config\share\app_global_value.dart
DA:4,0
DA:7,0
LF:2
LH:0
end_of_record
SF:lib\config\themes\theme_collection.dart
DA:4,0
DA:14,0
DA:15,0
DA:35,0
DA:37,0
DA:39,0
DA:45,0
DA:46,0
DA:52,0
DA:54,0
DA:56,0
DA:58,0
DA:69,0
DA:82,0
DA:90,0
DA:100,0
DA:109,0
DA:110,0
DA:114,0
DA:118,0
DA:125,0
DA:134,0
DA:140,0
DA:149,0
DA:150,0
DA:153,0
DA:157,0
DA:166,0
DA:176,0
DA:184,0
DA:185,0
DA:189,0
DA:191,0
DA:193,0
DA:194,0
DA:196,0
DA:203,0
DA:204,0
DA:205,0
DA:206,0
DA:207,0
DA:208,0
DA:209,0
DA:210,0
DA:211,0
DA:213,0
DA:218,0
DA:220,0
DA:228,0
DA:231,0
DA:232,0
DA:233,0
DA:234,0
DA:240,0
DA:244,0
DA:245,0
DA:246,0
DA:248,0
DA:250,0
DA:251,0
DA:252,0
DA:253,0
DA:254,0
DA:261,0
DA:262,0
DA:263,0
DA:264,0
DA:269,0
DA:270,0
DA:271,0
DA:272,0
DA:274,0
DA:275,0
DA:280,0
DA:287,0
DA:288,0
DA:289,0
DA:291,0
DA:293,0
DA:294,0
DA:295,0
DA:296,0
DA:299,0
DA:300,0
DA:301,0
DA:305,0
DA:310,0
DA:311,0
DA:312,0
DA:314,0
DA:316,0
DA:317,0
DA:318,0
DA:319,0
DA:320,0
DA:326,0
DA:327,0
DA:331,0
DA:332,0
DA:333,0
DA:335,0
DA:342,0
DA:343,0
DA:344,0
DA:345,0
DA:349,0
DA:350,0
DA:354,0
DA:355,0
DA:359,0
DA:360,0
DA:363,0
DA:364,0
DA:368,0
DA:369,0
DA:374,0
DA:375,0
DA:380,0
DA:381,0
DA:385,0
DA:386,0
DA:390,0
DA:391,0
DA:394,0
DA:395,0
DA:399,0
DA:400,0
DA:406,0
DA:438,0
DA:439,0
DA:446,0
DA:447,0
DA:449,0
DA:451,0
DA:453,0
DA:455,0
DA:457,0
DA:460,0
DA:461,0
DA:462,0
DA:463,0
DA:465,0
DA:466,0
DA:467,0
DA:469,0
DA:470,0
DA:471,0
DA:473,0
DA:474,0
DA:475,0
DA:477,0
DA:478,0
DA:479,0
DA:481,0
DA:482,0
DA:483,0
DA:488,0
DA:489,0
DA:490,0
DA:492,0
DA:494,0
DA:495,0
DA:496,0
DA:497,0
DA:498,0
DA:500,0
DA:502,0
DA:503,0
DA:506,0
DA:507,0
DA:508,0
DA:514,0
DA:515,0
DA:516,0
DA:518,0
DA:520,0
DA:521,0
DA:522,0
DA:523,0
DA:524,0
DA:530,0
DA:531,0
DA:532,0
DA:539,0
DA:546,0
DA:553,0
DA:554,0
DA:559,0
DA:560,0
DA:562,0
DA:563,0
DA:579,0
DA:594,0
DA:595,0
DA:597,0
DA:604,0
DA:605,0
DA:614,0
DA:615,0
DA:619,0
DA:620,0
DA:629,0
DA:633,0
DA:634,0
DA:635,0
DA:637,0
DA:639,0
DA:640,0
DA:641,0
DA:642,0
DA:643,0
DA:649,0
DA:650,0
DA:653,0
DA:654,0
DA:656,0
DA:657,0
DA:663,0
DA:664,0
DA:665,0
DA:666,0
DA:669,0
DA:674,0
DA:675,0
DA:677,0
DA:679,0
DA:684,0
DA:694,0
DA:695,0
DA:708,0
DA:709,0
DA:710,0
DA:714,0
DA:718,0
DA:719,0
DA:731,0
DA:732,0
DA:733,0
DA:740,0
DA:746,0
DA:747,0
DA:756,0
DA:757,0
DA:766,0
DA:767,0
DA:770,0
DA:776,0
DA:777,0
DA:788,0
DA:790,0
DA:791,0
DA:793,0
DA:796,0
DA:800,0
DA:801,0
DA:803,0
DA:809,0
DA:819,0
DA:820,0
DA:840,0
DA:842,0
DA:843,0
DA:849,0
DA:872,0
DA:885,0
DA:893,0
DA:903,0
DA:912,0
DA:913,0
DA:917,0
DA:921,0
DA:928,0
DA:937,0
DA:943,0
DA:952,0
DA:953,0
DA:956,0
DA:960,0
DA:969,0
DA:979,0
DA:987,0
DA:997,0
DA:998,0
DA:999,0
DA:1000,0
DA:1004,0
DA:1007,0
DA:1008,0
DA:1009,0
DA:1010,0
DA:1014,0
DA:1015,0
DA:1016,0
DA:1018,0
DA:1020,0
DA:1025,0
DA:1026,0
DA:1027,0
DA:1033,0
DA:1034,0
DA:1035,0
DA:1036,0
DA:1038,0
DA:1039,0
DA:1044,0
DA:1051,0
DA:1052,0
DA:1053,0
DA:1054,0
DA:1058,0
DA:1059,0
DA:1064,0
DA:1065,0
DA:1066,0
DA:1068,0
DA:1070,0
DA:1071,0
DA:1072,0
DA:1073,0
DA:1074,0
DA:1080,0
DA:1081,0
DA:1085,0
DA:1086,0
DA:1087,0
DA:1089,0
DA:1096,0
DA:1097,0
DA:1098,0
DA:1099,0
DA:1102,0
DA:1103,0
DA:1106,0
DA:1107,0
DA:1110,0
DA:1111,0
DA:1114,0
DA:1115,0
DA:1118,0
DA:1119,0
DA:1122,0
DA:1123,0
DA:1130,0
DA:1158,0
DA:1169,0
DA:1170,0
DA:1171,0
DA:1173,0
DA:1175,0
DA:1176,0
DA:1177,0
DA:1178,0
DA:1179,0
DA:1185,0
DA:1186,0
DA:1187,0
DA:1189,0
DA:1191,0
DA:1192,0
DA:1193,0
DA:1194,0
DA:1195,0
DA:1201,0
DA:1202,0
DA:1203,0
DA:1210,0
DA:1217,0
DA:1224,0
DA:1234,0
DA:1235,0
DA:1237,0
DA:1238,0
DA:1254,0
DA:1269,0
DA:1270,0
DA:1272,0
DA:1279,0
DA:1280,0
DA:1289,0
DA:1290,0
DA:1294,0
DA:1295,0
DA:1309,0
DA:1310,0
DA:1315,0
DA:1316,0
DA:1317,0
DA:1319,0
DA:1321,0
DA:1322,0
DA:1323,0
DA:1324,0
DA:1325,0
DA:1331,0
DA:1332,0
DA:1335,0
DA:1336,0
DA:1338,0
DA:1339,0
DA:1345,0
DA:1346,0
DA:1347,0
DA:1348,0
DA:1351,0
DA:1356,0
DA:1357,0
DA:1359,0
DA:1361,0
DA:1366,0
DA:1376,0
DA:1377,0
DA:1390,0
DA:1391,0
DA:1392,0
DA:1396,0
DA:1400,0
DA:1401,0
DA:1413,0
DA:1414,0
DA:1415,0
DA:1422,0
DA:1428,0
DA:1429,0
DA:1438,0
DA:1439,0
DA:1448,0
DA:1449,0
DA:1452,0
DA:1458,0
DA:1459,0
DA:1470,0
DA:1472,0
DA:1474,0
DA:1477,0
LF:434
LH:0
end_of_record
SF:lib\config\themes\text_theme.dart
DA:4,0
DA:6,0
DA:8,0
DA:9,0
DA:10,0
DA:16,0
DA:17,0
DA:18,0
DA:24,0
DA:25,0
DA:26,0
DA:32,0
DA:33,0
DA:34,0
DA:40,0
DA:41,0
DA:42,0
DA:48,0
DA:49,0
DA:50,0
DA:56,0
DA:57,0
DA:58,0
DA:64,0
DA:65,0
DA:66,0
DA:72,0
DA:73,0
DA:74,0
DA:79,0
DA:80,0
DA:81,0
DA:87,0
DA:88,0
DA:89,0
DA:95,0
DA:96,0
DA:97,0
DA:103,0
DA:104,0
DA:105,0
DA:111,0
DA:112,0
DA:113,0
DA:119,0
DA:120,0
DA:121,0
DA:127,0
DA:128,0
DA:129,0
DA:135,0
DA:136,0
DA:137,0
DA:143,0
DA:144,0
DA:145,0
DA:146,0
DA:147,0
DA:148,0
DA:149,0
DA:150,0
DA:151,0
DA:152,0
DA:153,0
DA:154,0
DA:155,0
DA:156,0
DA:158,0
DA:159,0
DA:165,0
DA:166,0
LF:71
LH:0
end_of_record
SF:lib\config\themes\colors.dart
DA:4,0
DA:5,0
DA:6,0
DA:7,0
DA:8,0
DA:11,0
DA:12,0
DA:13,0
DA:14,0
DA:15,0
DA:16,0
DA:19,0
DA:20,0
DA:21,0
DA:22,0
DA:23,0
DA:26,0
DA:27,0
DA:28,0
DA:29,0
DA:30,0
DA:33,0
DA:34,0
DA:35,0
DA:36,0
DA:37,0
DA:40,0
DA:41,0
DA:42,0
DA:43,0
DA:44,0
DA:47,0
DA:48,0
DA:49,0
DA:52,0
DA:53,0
DA:54,0
DA:57,0
DA:58,0
DA:59,0
DA:60,0
DA:61,0
DA:62,0
DA:63,0
DA:64,0
DA:65,0
DA:66,0
DA:67,0
DA:68,0
DA:69,0
DA:70,0
DA:71,0
DA:72,0
DA:73,0
DA:74,0
DA:75,0
DA:76,0
DA:77,0
DA:78,0
DA:79,0
DA:80,0
DA:81,0
DA:82,0
DA:83,0
DA:84,0
DA:85,0
DA:86,0
DA:87,0
DA:88,0
DA:89,0
DA:90,0
DA:91,0
DA:92,0
DA:96,0
DA:99,0
DA:100,0
DA:101,0
DA:102,0
DA:103,0
DA:104,0
DA:105,0
DA:106,0
DA:107,0
DA:108,0
DA:109,0
DA:110,0
DA:111,0
DA:112,0
DA:113,0
DA:114,0
DA:115,0
DA:116,0
DA:117,0
DA:118,0
DA:119,0
DA:120,0
DA:121,0
DA:122,0
DA:123,0
DA:124,0
DA:127,0
LF:101
LH:0
end_of_record
SF:lib\config\themes\material_theme.dart
DA:4,0
DA:8,0
DA:9,0
DA:12,0
DA:16,0
DA:17,0
DA:20,0
DA:72,0
LF:8
LH:0
end_of_record
SF:lib\config\themes\util_theme.dart
DA:4,0
DA:10,0
DA:11,0
DA:13,0
DA:14,0
DA:15,0
DA:16,0
DA:17,0
DA:18,0
DA:19,0
DA:20,0
DA:21,0
DA:22,0
DA:23,0
DA:24,0
DA:25,0
DA:26,0
DA:27,0
DA:28,0
DA:29,0
DA:30,0
DA:31,0
DA:32,0
DA:33,0
DA:34,0
DA:35,0
DA:36,0
DA:37,0
DA:38,0
DA:39,0
DA:40,0
DA:41,0
DA:42,0
DA:43,0
DA:44,0
DA:45,0
DA:46,0
DA:47,0
DA:48,0
DA:49,0
DA:50,0
DA:51,0
DA:52,0
DA:53,0
DA:54,0
DA:58,0
DA:61,0
DA:64,0
DA:67,0
DA:69,0
DA:70,0
DA:71,0
DA:72,0
DA:73,0
DA:74,0
DA:75,0
DA:76,0
DA:77,0
DA:78,0
DA:79,0
DA:80,0
DA:81,0
DA:82,0
DA:83,0
DA:84,0
DA:85,0
DA:86,0
DA:87,0
DA:88,0
DA:89,0
DA:90,0
DA:91,0
DA:92,0
DA:93,0
DA:94,0
DA:95,0
DA:96,0
DA:97,0
DA:98,0
DA:99,0
DA:100,0
DA:101,0
DA:102,0
DA:103,0
DA:104,0
DA:105,0
DA:106,0
DA:107,0
DA:108,0
DA:109,0
DA:110,0
DA:114,0
LF:92
LH:0
end_of_record
SF:lib\src\data\datasources\apis\apis.g.dart
DA:12,0
DA:20,0
DA:22,0
DA:23,0
DA:24,0
DA:26,0
DA:27,0
DA:28,0
DA:29,0
DA:34,0
DA:36,0
DA:39,0
DA:40,0
DA:41,0
DA:44,0
DA:50,0
DA:52,0
DA:53,0
DA:54,0
DA:56,0
DA:57,0
DA:58,0
DA:59,0
DA:64,0
DA:66,0
DA:69,0
DA:70,0
DA:71,0
DA:74,0
DA:80,0
DA:81,0
DA:82,0
DA:83,0
DA:84,0
DA:85,0
DA:87,0
DA:93,0
DA:94,0
DA:98,0
DA:100,0
DA:101,0
DA:104,0
DA:110,0
DA:118,0
DA:120,0
DA:121,0
DA:122,0
DA:123,0
DA:124,0
DA:125,0
DA:126,0
DA:127,0
DA:128,0
DA:133,0
DA:135,0
DA:138,0
DA:139,0
DA:140,0
DA:143,0
DA:149,0
DA:151,0
DA:152,0
DA:153,0
DA:154,0
DA:155,0
DA:156,0
DA:157,0
DA:158,0
DA:159,0
DA:164,0
DA:166,0
DA:169,0
DA:170,0
DA:171,0
DA:174,0
DA:180,0
DA:182,0
DA:183,0
DA:184,0
DA:185,0
DA:186,0
DA:187,0
DA:188,0
DA:189,0
DA:190,0
DA:195,0
DA:197,0
DA:200,0
DA:201,0
DA:202,0
DA:205,0
DA:211,0
DA:213,0
DA:214,0
DA:215,0
DA:217,0
DA:218,0
DA:219,0
DA:220,0
DA:225,0
DA:227,0
DA:230,0
DA:231,0
DA:232,0
DA:235,0
DA:241,0
DA:243,0
DA:244,0
DA:245,0
DA:246,0
DA:247,0
DA:248,0
DA:249,0
DA:250,0
DA:251,0
DA:256,0
DA:258,0
DA:261,0
DA:262,0
DA:263,0
DA:266,0
DA:272,0
DA:274,0
DA:275,0
DA:276,0
DA:277,0
DA:278,0
DA:279,0
DA:280,0
DA:281,0
DA:282,0
DA:287,0
DA:289,0
DA:292,0
DA:293,0
DA:294,0
DA:297,0
DA:303,0
DA:305,0
DA:306,0
DA:307,0
DA:308,0
DA:309,0
DA:310,0
DA:311,0
DA:312,0
DA:313,0
DA:318,0
DA:320,0
DA:323,0
DA:324,0
DA:325,0
DA:328,0
DA:334,0
DA:336,0
DA:337,0
DA:338,0
DA:339,0
DA:340,0
DA:341,0
DA:342,0
DA:343,0
DA:344,0
DA:349,0
DA:351,0
DA:354,0
DA:355,0
DA:356,0
DA:359,0
DA:365,0
DA:369,0
DA:370,0
DA:371,0
DA:372,0
DA:373,0
DA:374,0
DA:375,0
DA:376,0
DA:377,0
DA:382,0
DA:384,0
DA:387,0
DA:388,0
DA:389,0
DA:392,0
DA:398,0
DA:400,0
DA:401,0
DA:402,0
DA:404,0
DA:405,0
DA:406,0
DA:407,0
DA:412,0
DA:414,0
DA:417,0
DA:418,0
DA:419,0
DA:422,0
DA:428,0
DA:429,0
DA:430,0
DA:431,0
DA:432,0
DA:433,0
DA:435,0
DA:441,0
DA:442,0
DA:446,0
DA:448,0
DA:449,0
DA:452,0
DA:458,0
DA:466,0
DA:468,0
DA:469,0
DA:470,0
DA:472,0
DA:473,0
DA:474,0
DA:475,0
DA:480,0
DA:482,0
DA:485,0
DA:486,0
DA:487,0
DA:490,0
DA:496,0
DA:500,0
DA:501,0
DA:502,0
DA:503,0
DA:504,0
DA:505,0
DA:506,0
DA:507,0
DA:508,0
DA:513,0
DA:515,0
DA:518,0
DA:519,0
DA:520,0
DA:523,0
DA:529,0
DA:533,0
DA:534,0
DA:535,0
DA:536,0
DA:537,0
DA:538,0
DA:539,0
DA:540,0
DA:541,0
DA:546,0
DA:548,0
DA:551,0
DA:552,0
DA:553,0
DA:556,0
DA:562,0
DA:564,0
DA:565,0
DA:566,0
DA:568,0
DA:569,0
DA:570,0
DA:571,0
DA:576,0
DA:578,0
DA:581,0
DA:582,0
DA:583,0
DA:586,0
DA:592,0
DA:594,0
DA:595,0
DA:596,0
DA:598,0
DA:599,0
DA:600,0
DA:601,0
DA:606,0
DA:608,0
DA:611,0
DA:612,0
DA:613,0
DA:616,0
DA:622,0
DA:624,0
DA:625,0
DA:626,0
DA:628,0
DA:629,0
DA:630,0
DA:631,0
DA:636,0
DA:638,0
DA:641,0
DA:642,0
DA:643,0
DA:646,0
DA:652,0
DA:654,0
DA:655,0
DA:656,0
DA:658,0
DA:659,0
DA:660,0
DA:661,0
DA:666,0
DA:668,0
DA:671,0
DA:672,0
DA:673,0
DA:676,0
DA:682,0
DA:683,0
DA:684,0
DA:685,0
DA:686,0
DA:687,0
DA:689,0
DA:695,0
DA:696,0
DA:700,0
DA:702,0
DA:703,0
DA:706,0
DA:712,0
DA:720,0
DA:722,0
DA:723,0
DA:724,0
DA:726,0
DA:727,0
DA:728,0
DA:729,0
DA:734,0
DA:736,0
DA:739,0
DA:740,0
DA:741,0
DA:744,0
DA:750,0
DA:752,0
DA:753,0
DA:754,0
DA:756,0
DA:757,0
DA:758,0
DA:759,0
DA:764,0
DA:766,0
DA:769,0
DA:770,0
DA:771,0
DA:774,0
DA:780,0
DA:782,0
DA:783,0
DA:784,0
DA:786,0
DA:787,0
DA:788,0
DA:789,0
DA:794,0
DA:796,0
DA:799,0
DA:800,0
DA:801,0
DA:804,0
DA:810,0
DA:812,0
DA:813,0
DA:814,0
DA:816,0
DA:817,0
DA:818,0
DA:819,0
DA:824,0
DA:826,0
DA:829,0
DA:830,0
DA:831,0
DA:834,0
DA:840,0
DA:842,0
DA:843,0
DA:844,0
DA:846,0
DA:847,0
DA:848,0
DA:849,0
DA:854,0
DA:856,0
DA:859,0
DA:860,0
DA:861,0
DA:864,0
DA:870,0
DA:872,0
DA:873,0
DA:874,0
DA:876,0
DA:877,0
DA:878,0
DA:879,0
DA:884,0
DA:886,0
DA:889,0
DA:890,0
DA:891,0
DA:894,0
DA:900,0
DA:901,0
DA:902,0
DA:903,0
DA:904,0
DA:905,0
DA:907,0
DA:913,0
DA:914,0
DA:918,0
DA:920,0
DA:921,0
DA:924,0
DA:930,0
DA:938,0
DA:945,0
DA:946,0
DA:948,0
DA:952,0
DA:954,0
DA:955,0
DA:956,0
DA:957,0
DA:962,0
DA:964,0
DA:967,0
DA:968,0
DA:969,0
DA:971,0
DA:975,0
DA:981,0
DA:983,0
DA:984,0
DA:985,0
DA:986,0
DA:987,0
DA:988,0
DA:989,0
DA:990,0
DA:991,0
DA:996,0
DA:998,0
DA:1001,0
DA:1002,0
DA:1003,0
DA:1006,0
DA:1012,0
DA:1014,0
DA:1015,0
DA:1016,0
DA:1017,0
DA:1018,0
DA:1019,0
DA:1020,0
DA:1021,0
DA:1022,0
DA:1027,0
DA:1029,0
DA:1032,0
DA:1033,0
DA:1034,0
DA:1037,0
DA:1043,0
DA:1044,0
DA:1045,0
DA:1046,0
DA:1047,0
DA:1048,0
DA:1050,0
DA:1056,0
DA:1057,0
DA:1061,0
DA:1063,0
DA:1064,0
DA:1067,0
DA:1073,0
DA:1081,0
DA:1083,0
DA:1084,0
DA:1085,0
DA:1087,0
DA:1088,0
DA:1089,0
DA:1090,0
DA:1095,0
DA:1097,0
DA:1100,0
DA:1101,0
DA:1102,0
DA:1105,0
DA:1111,0
DA:1113,0
DA:1114,0
DA:1115,0
DA:1117,0
DA:1118,0
DA:1119,0
DA:1120,0
DA:1125,0
DA:1127,0
DA:1130,0
DA:1131,0
DA:1132,0
DA:1135,0
DA:1141,0
DA:1143,0
DA:1144,0
DA:1145,0
DA:1147,0
DA:1148,0
DA:1149,0
DA:1150,0
DA:1155,0
DA:1157,0
DA:1160,0
DA:1161,0
DA:1162,0
DA:1165,0
DA:1171,0
DA:1173,0
DA:1174,0
DA:1175,0
DA:1177,0
DA:1178,0
DA:1179,0
DA:1180,0
DA:1185,0
DA:1187,0
DA:1190,0
DA:1191,0
DA:1192,0
DA:1195,0
DA:1201,0
DA:1202,0
DA:1203,0
DA:1204,0
DA:1205,0
DA:1206,0
DA:1208,0
DA:1214,0
DA:1215,0
DA:1219,0
DA:1221,0
DA:1222,0
DA:1225,0
DA:1231,0
DA:1239,0
DA:1241,0
DA:1242,0
DA:1243,0
DA:1245,0
DA:1246,0
DA:1247,0
DA:1248,0
DA:1253,0
DA:1255,0
DA:1258,0
DA:1259,0
DA:1260,0
DA:1263,0
DA:1269,0
DA:1271,0
DA:1272,0
DA:1273,0
DA:1274,0
DA:1275,0
DA:1276,0
DA:1277,0
DA:1278,0
DA:1279,0
DA:1284,0
DA:1286,0
DA:1289,0
DA:1290,0
DA:1291,0
DA:1294,0
DA:1300,0
DA:1304,0
DA:1305,0
DA:1306,0
DA:1307,0
DA:1308,0
DA:1309,0
DA:1310,0
DA:1311,0
DA:1312,0
DA:1317,0
DA:1319,0
DA:1322,0
DA:1323,0
DA:1324,0
DA:1327,0
DA:1333,0
DA:1334,0
DA:1335,0
DA:1336,0
DA:1337,0
DA:1338,0
DA:1340,0
DA:1346,0
DA:1347,0
DA:1351,0
DA:1353,0
DA:1354,0
DA:1357,0
DA:1363,0
DA:1371,0
DA:1376,0
DA:1377,0
DA:1378,0
DA:1380,0
DA:1381,0
DA:1382,0
DA:1383,0
DA:1388,0
DA:1390,0
DA:1393,0
DA:1394,0
DA:1395,0
DA:1397,0
DA:1401,0
DA:1407,0
DA:1408,0
DA:1409,0
DA:1410,0
DA:1411,0
DA:1412,0
DA:1414,0
DA:1420,0
DA:1421,0
DA:1425,0
DA:1427,0
DA:1428,0
DA:1431,0
DA:1437,0
DA:1445,0
DA:1450,0
DA:1451,0
DA:1452,0
DA:1454,0
DA:1455,0
DA:1456,0
DA:1457,0
DA:1462,0
DA:1464,0
DA:1467,0
DA:1468,0
DA:1469,0
DA:1471,0
DA:1475,0
DA:1481,0
DA:1483,0
DA:1484,0
DA:1485,0
DA:1487,0
DA:1488,0
DA:1489,0
DA:1490,0
DA:1495,0
DA:1497,0
DA:1500,0
DA:1501,0
DA:1502,0
DA:1505,0
DA:1511,0
DA:1513,0
DA:1514,0
DA:1515,0
DA:1516,0
DA:1517,0
DA:1518,0
DA:1519,0
DA:1520,0
DA:1521,0
DA:1526,0
DA:1528,0
DA:1531,0
DA:1532,0
DA:1533,0
DA:1536,0
DA:1542,0
DA:1544,0
DA:1545,0
DA:1546,0
DA:1547,0
DA:1548,0
DA:1549,0
DA:1550,0
DA:1551,0
DA:1552,0
DA:1557,0
DA:1559,0
DA:1562,0
DA:1563,0
DA:1564,0
DA:1567,0
DA:1573,0
DA:1575,0
DA:1576,0
DA:1577,0
DA:1578,0
DA:1579,0
DA:1580,0
DA:1581,0
DA:1582,0
DA:1583,0
DA:1588,0
DA:1590,0
DA:1593,0
DA:1594,0
DA:1595,0
DA:1598,0
DA:1604,0
DA:1606,0
DA:1607,0
DA:1608,0
DA:1609,0
DA:1610,0
DA:1611,0
DA:1612,0
DA:1613,0
DA:1614,0
DA:1619,0
DA:1621,0
DA:1624,0
DA:1625,0
DA:1626,0
DA:1629,0
DA:1635,0
DA:1639,0
DA:1640,0
DA:1641,0
DA:1642,0
DA:1643,0
DA:1644,0
DA:1645,0
DA:1646,0
DA:1647,0
DA:1652,0
DA:1654,0
DA:1657,0
DA:1658,0
DA:1659,0
DA:1662,0
DA:1668,0
DA:1672,0
DA:1673,0
DA:1674,0
DA:1676,0
DA:1677,0
DA:1678,0
DA:1679,0
DA:1684,0
DA:1686,0
DA:1689,0
DA:1690,0
DA:1691,0
DA:1693,0
DA:1697,0
DA:1703,0
DA:1705,0
DA:1706,0
DA:1707,0
DA:1709,0
DA:1710,0
DA:1711,0
DA:1712,0
DA:1717,0
DA:1719,0
DA:1722,0
DA:1723,0
DA:1724,0
DA:1727,0
DA:1733,0
DA:1737,0
DA:1738,0
DA:1739,0
DA:1740,0
DA:1741,0
DA:1742,0
DA:1743,0
DA:1744,0
DA:1745,0
DA:1750,0
DA:1752,0
DA:1755,0
DA:1756,0
DA:1757,0
DA:1760,0
DA:1766,0
DA:1770,0
DA:1771,0
DA:1772,0
DA:1773,0
DA:1774,0
DA:1775,0
DA:1776,0
DA:1777,0
DA:1778,0
DA:1783,0
DA:1785,0
DA:1788,0
DA:1789,0
DA:1790,0
DA:1793,0
DA:1799,0
DA:1803,0
DA:1804,0
DA:1805,0
DA:1807,0
DA:1808,0
DA:1809,0
DA:1810,0
DA:1815,0
DA:1817,0
DA:1820,0
DA:1821,0
DA:1822,0
DA:1824,0
DA:1828,0
DA:1834,0
DA:1836,0
DA:1837,0
DA:1838,0
DA:1840,0
DA:1841,0
DA:1842,0
DA:1843,0
DA:1848,0
DA:1850,0
DA:1853,0
DA:1854,0
DA:1855,0
DA:1858,0
DA:1864,0
DA:1868,0
DA:1869,0
DA:1870,0
DA:1871,0
DA:1872,0
DA:1873,0
DA:1874,0
DA:1875,0
DA:1876,0
DA:1881,0
DA:1883,0
DA:1886,0
DA:1887,0
DA:1888,0
DA:1891,0
DA:1897,0
DA:1899,0
DA:1900,0
DA:1901,0
DA:1903,0
DA:1904,0
DA:1905,0
DA:1906,0
DA:1911,0
DA:1913,0
DA:1916,0
DA:1917,0
DA:1918,0
DA:1921,0
DA:1927,0
DA:1929,0
DA:1930,0
DA:1931,0
DA:1933,0
DA:1934,0
DA:1935,0
DA:1936,0
DA:1941,0
DA:1943,0
DA:1946,0
DA:1947,0
DA:1948,0
DA:1951,0
DA:1957,0
DA:1961,0
DA:1962,0
DA:1963,0
DA:1965,0
DA:1966,0
DA:1967,0
DA:1968,0
DA:1973,0
DA:1975,0
DA:1978,0
DA:1979,0
DA:1980,0
DA:1982,0
DA:1986,0
DA:1992,0
DA:1994,0
DA:1995,0
DA:1996,0
DA:1998,0
DA:1999,0
DA:2000,0
DA:2001,0
DA:2006,0
DA:2008,0
DA:2011,0
DA:2012,0
DA:2013,0
DA:2016,0
DA:2022,0
DA:2024,0
DA:2025,0
DA:2026,0
DA:2028,0
DA:2029,0
DA:2030,0
DA:2031,0
DA:2036,0
DA:2038,0
DA:2041,0
DA:2042,0
DA:2043,0
DA:2046,0
DA:2052,0
DA:2056,0
DA:2057,0
DA:2058,0
DA:2059,0
DA:2060,0
DA:2061,0
DA:2062,0
DA:2063,0
DA:2064,0
DA:2069,0
DA:2071,0
DA:2074,0
DA:2075,0
DA:2076,0
DA:2079,0
DA:2085,0
DA:2090,0
DA:2091,0
DA:2092,0
DA:2093,0
DA:2094,0
DA:2095,0
DA:2096,0
DA:2097,0
DA:2098,0
DA:2099,0
DA:2104,0
DA:2106,0
DA:2109,0
DA:2110,0
DA:2111,0
DA:2114,0
DA:2120,0
DA:2122,0
DA:2123,0
DA:2124,0
DA:2126,0
DA:2127,0
DA:2128,0
DA:2129,0
DA:2134,0
DA:2136,0
DA:2139,0
DA:2140,0
DA:2141,0
DA:2144,0
DA:2150,0
DA:2152,0
DA:2153,0
DA:2154,0
DA:2155,0
DA:2156,0
DA:2157,0
DA:2158,0
DA:2159,0
DA:2160,0
DA:2161,0
DA:2166,0
DA:2168,0
DA:2171,0
DA:2172,0
DA:2173,0
DA:2176,0
DA:2182,0
DA:2187,0
DA:2188,0
DA:2189,0
DA:2191,0
DA:2192,0
DA:2193,0
DA:2194,0
DA:2199,0
DA:2201,0
DA:2204,0
DA:2205,0
DA:2206,0
DA:2208,0
DA:2212,0
DA:2218,0
DA:2220,0
DA:2221,0
DA:2222,0
DA:2224,0
DA:2225,0
DA:2226,0
DA:2227,0
DA:2232,0
DA:2234,0
DA:2237,0
DA:2238,0
DA:2239,0
DA:2242,0
DA:2248,0
DA:2250,0
DA:2251,0
DA:2252,0
DA:2253,0
DA:2254,0
DA:2255,0
DA:2256,0
DA:2257,0
DA:2258,0
DA:2263,0
DA:2265,0
DA:2268,0
DA:2269,0
DA:2270,0
DA:2273,0
DA:2279,0
DA:2281,0
DA:2282,0
DA:2283,0
DA:2284,0
DA:2285,0
DA:2286,0
DA:2287,0
DA:2288,0
DA:2289,0
DA:2294,0
DA:2296,0
DA:2299,0
DA:2300,0
DA:2301,0
DA:2304,0
DA:2310,0
DA:2312,0
DA:2313,0
DA:2314,0
DA:2316,0
DA:2317,0
DA:2318,0
DA:2319,0
DA:2324,0
DA:2326,0
DA:2329,0
DA:2330,0
DA:2331,0
DA:2334,0
DA:2340,0
DA:2345,0
DA:2346,0
DA:2347,0
DA:2349,0
DA:2350,0
DA:2351,0
DA:2352,0
DA:2357,0
DA:2359,0
DA:2362,0
DA:2363,0
DA:2364,0
DA:2366,0
DA:2370,0
DA:2376,0
DA:2381,0
DA:2382,0
DA:2383,0
DA:2385,0
DA:2386,0
DA:2387,0
DA:2388,0
DA:2393,0
DA:2395,0
DA:2398,0
DA:2399,0
DA:2400,0
DA:2402,0
DA:2406,0
DA:2412,0
DA:2414,0
DA:2415,0
DA:2416,0
DA:2417,0
DA:2418,0
DA:2419,0
DA:2420,0
DA:2421,0
DA:2422,0
DA:2427,0
DA:2429,0
DA:2432,0
DA:2433,0
DA:2434,0
DA:2437,0
DA:2443,0
DA:2445,0
DA:2446,0
DA:2447,0
DA:2449,0
DA:2450,0
DA:2451,0
DA:2452,0
DA:2457,0
DA:2459,0
DA:2462,0
DA:2463,0
DA:2464,0
DA:2467,0
DA:2473,0
DA:2475,0
DA:2476,0
DA:2477,0
DA:2479,0
DA:2480,0
DA:2481,0
DA:2482,0
DA:2487,0
DA:2489,0
DA:2492,0
DA:2493,0
DA:2494,0
DA:2497,0
DA:2503,0
DA:2505,0
DA:2506,0
DA:2507,0
DA:2509,0
DA:2510,0
DA:2511,0
DA:2512,0
DA:2517,0
DA:2519,0
DA:2522,0
DA:2523,0
DA:2524,0
DA:2526,0
DA:2530,0
DA:2536,0
DA:2538,0
DA:2539,0
DA:2540,0
DA:2541,0
DA:2542,0
DA:2543,0
DA:2544,0
DA:2545,0
DA:2546,0
DA:2551,0
DA:2553,0
DA:2556,0
DA:2557,0
DA:2558,0
DA:2561,0
DA:2567,0
DA:2569,0
DA:2570,0
DA:2571,0
DA:2573,0
DA:2574,0
DA:2575,0
DA:2576,0
DA:2581,0
DA:2583,0
DA:2586,0
DA:2587,0
DA:2588,0
DA:2591,0
DA:2597,0
DA:2598,0
DA:2599,0
DA:2600,0
DA:2601,0
DA:2602,0
DA:2604,0
DA:2610,0
DA:2611,0
DA:2615,0
DA:2617,0
DA:2618,0
DA:2621,0
DA:2627,0
DA:2635,0
DA:2637,0
DA:2638,0
DA:2639,0
DA:2641,0
DA:2642,0
DA:2643,0
DA:2644,0
DA:2649,0
DA:2651,0
DA:2654,0
DA:2655,0
DA:2656,0
DA:2659,0
DA:2665,0
DA:2669,0
DA:2670,0
DA:2671,0
DA:2672,0
DA:2673,0
DA:2674,0
DA:2675,0
DA:2676,0
DA:2677,0
DA:2682,0
DA:2684,0
DA:2687,0
DA:2688,0
DA:2689,0
DA:2692,0
DA:2698,0
DA:2700,0
DA:2701,0
DA:2702,0
DA:2704,0
DA:2705,0
DA:2706,0
DA:2707,0
DA:2712,0
DA:2714,0
DA:2717,0
DA:2718,0
DA:2719,0
DA:2722,0
DA:2728,0
DA:2729,0
DA:2730,0
DA:2731,0
DA:2732,0
DA:2733,0
DA:2735,0
DA:2741,0
DA:2742,0
DA:2746,0
DA:2748,0
DA:2749,0
DA:2752,0
DA:2758,0
DA:2759,0
DA:2768,0
DA:2770,0
DA:2771,0
DA:2772,0
DA:2774,0
DA:2775,0
DA:2776,0
DA:2777,0
DA:2778,0
DA:2782,0
DA:2784,0
DA:2785,0
DA:2786,0
DA:2790,0
DA:2792,0
DA:2793,0
DA:2794,0
DA:2796,0
DA:2797,0
DA:2798,0
DA:2799,0
DA:2800,0
DA:2804,0
DA:2806,0
DA:2807,0
DA:2808,0
DA:2812,0
DA:2817,0
DA:2818,0
DA:2819,0
DA:2821,0
DA:2822,0
DA:2823,0
DA:2824,0
DA:2825,0
DA:2829,0
DA:2831,0
DA:2832,0
DA:2833,0
DA:2837,0
DA:2843,0
DA:2844,0
DA:2845,0
DA:2847,0
DA:2848,0
DA:2849,0
DA:2850,0
DA:2851,0
DA:2855,0
DA:2857,0
DA:2858,0
DA:2859,0
DA:2863,0
DA:2865,0
DA:2866,0
DA:2867,0
DA:2869,0
DA:2870,0
DA:2871,0
DA:2872,0
DA:2873,0
DA:2877,0
DA:2879,0
DA:2880,0
DA:2881,0
DA:2885,0
DA:2886,0
DA:2887,0
DA:2888,0
DA:2889,0
DA:2890,0
DA:2892,0
DA:2898,0
DA:2899,0
DA:2903,0
DA:2905,0
DA:2906,0
DA:2909,0
DA:2915,0
DA:2916,0
DA:2925,0
DA:2932,0
DA:2933,0
DA:2934,0
DA:2935,0
DA:2936,0
DA:2937,0
DA:2939,0
DA:2940,0
DA:2941,0
DA:2945,0
DA:2946,0
DA:2947,0
DA:2948,0
DA:2949,0
DA:2955,0
DA:2956,0
DA:2961,0
DA:2963,0
DA:2966,0
DA:2968,0
DA:2974,0
DA:2981,0
DA:2982,0
DA:2983,0
DA:2984,0
DA:2985,0
DA:2986,0
DA:2988,0
DA:2989,0
DA:2990,0
DA:2994,0
DA:2995,0
DA:2996,0
DA:2997,0
DA:2998,0
DA:3004,0
DA:3005,0
DA:3010,0
DA:3012,0
DA:3015,0
DA:3017,0
DA:3023,0
DA:3024,0
DA:3025,0
DA:3026,0
DA:3027,0
DA:3028,0
DA:3030,0
DA:3036,0
DA:3037,0
DA:3041,0
DA:3043,0
DA:3044,0
DA:3047,0
DA:3053,0
DA:3061,0
DA:3063,0
DA:3064,0
DA:3065,0
DA:3067,0
DA:3068,0
DA:3069,0
DA:3070,0
DA:3075,0
DA:3077,0
DA:3080,0
DA:3081,0
DA:3082,0
DA:3085,0
DA:3091,0
DA:3092,0
DA:3093,0
DA:3094,0
DA:3095,0
DA:3096,0
DA:3098,0
DA:3104,0
DA:3105,0
DA:3109,0
DA:3111,0
DA:3112,0
DA:3115,0
DA:3121,0
DA:3129,0
DA:3131,0
DA:3132,0
DA:3133,0
DA:3135,0
DA:3136,0
DA:3137,0
DA:3138,0
DA:3143,0
DA:3145,0
DA:3148,0
DA:3149,0
DA:3150,0
DA:3153,0
DA:3159,0
DA:3162,0
DA:3163,0
DA:3164,0
DA:3167,0
DA:3168,0
DA:3169,0
DA:3170,0
DA:3175,0
DA:3176,0
DA:3179,0
DA:3182,0
DA:3183,0
DA:3184,0
DA:3186,0
DA:3190,0
DA:3196,0
DA:3199,0
DA:3200,0
DA:3201,0
DA:3204,0
DA:3205,0
DA:3206,0
DA:3207,0
DA:3212,0
DA:3213,0
DA:3216,0
DA:3219,0
DA:3220,0
DA:3221,0
DA:3223,0
DA:3227,0
DA:3233,0
DA:3236,0
DA:3237,0
DA:3238,0
DA:3241,0
DA:3242,0
DA:3243,0
DA:3244,0
DA:3249,0
DA:3250,0
DA:3253,0
DA:3256,0
DA:3257,0
DA:3258,0
DA:3260,0
DA:3261,0
DA:3265,0
DA:3271,0
DA:3275,0
DA:3276,0
DA:3277,0
DA:3279,0
DA:3280,0
DA:3281,0
DA:3282,0
DA:3287,0
DA:3289,0
DA:3292,0
DA:3293,0
DA:3294,0
DA:3296,0
DA:3300,0
DA:3306,0
DA:3310,0
DA:3311,0
DA:3312,0
DA:3313,0
DA:3314,0
DA:3315,0
DA:3316,0
DA:3317,0
DA:3318,0
DA:3323,0
DA:3325,0
DA:3328,0
DA:3330,0
DA:3336,0
DA:3337,0
DA:3338,0
DA:3339,0
DA:3340,0
DA:3341,0
DA:3343,0
DA:3349,0
DA:3350,0
DA:3354,0
DA:3356,0
DA:3357,0
DA:3360,0
DA:3366,0
DA:3374,0
DA:3380,0
DA:3381,0
DA:3383,0
DA:3386,0
DA:3388,0
DA:3389,0
DA:3390,0
DA:3391,0
DA:3396,0
DA:3398,0
DA:3401,0
DA:3402,0
DA:3403,0
DA:3406,0
DA:3412,0
DA:3414,0
DA:3415,0
DA:3416,0
DA:3418,0
DA:3419,0
DA:3420,0
DA:3421,0
DA:3426,0
DA:3428,0
DA:3431,0
DA:3432,0
DA:3433,0
DA:3436,0
DA:3442,0
DA:3444,0
DA:3445,0
DA:3446,0
DA:3447,0
DA:3448,0
DA:3449,0
DA:3450,0
DA:3451,0
DA:3452,0
DA:3457,0
DA:3459,0
DA:3462,0
DA:3463,0
DA:3464,0
DA:3467,0
DA:3473,0
DA:3475,0
DA:3476,0
DA:3477,0
DA:3478,0
DA:3479,0
DA:3480,0
DA:3481,0
DA:3482,0
DA:3483,0
DA:3488,0
DA:3490,0
DA:3493,0
DA:3494,0
DA:3495,0
DA:3498,0
DA:3504,0
DA:3506,0
DA:3507,0
DA:3508,0
DA:3509,0
DA:3510,0
DA:3511,0
DA:3512,0
DA:3513,0
DA:3514,0
DA:3519,0
DA:3521,0
DA:3524,0
DA:3525,0
DA:3526,0
DA:3529,0
DA:3535,0
DA:3537,0
DA:3538,0
DA:3539,0
DA:3540,0
DA:3541,0
DA:3542,0
DA:3543,0
DA:3544,0
DA:3545,0
DA:3550,0
DA:3552,0
DA:3555,0
DA:3556,0
DA:3557,0
DA:3560,0
DA:3566,0
DA:3570,0
DA:3571,0
DA:3572,0
DA:3573,0
DA:3575,0
DA:3576,0
DA:3577,0
DA:3578,0
DA:3583,0
DA:3585,0
DA:3588,0
DA:3589,0
DA:3590,0
DA:3592,0
DA:3596,0
DA:3602,0
DA:3606,0
DA:3607,0
DA:3608,0
DA:3609,0
DA:3610,0
DA:3611,0
DA:3612,0
DA:3613,0
DA:3614,0
DA:3619,0
DA:3621,0
DA:3624,0
DA:3625,0
DA:3626,0
DA:3629,0
DA:3635,0
DA:3639,0
DA:3640,0
DA:3641,0
DA:3642,0
DA:3643,0
DA:3644,0
DA:3645,0
DA:3646,0
DA:3647,0
DA:3652,0
DA:3654,0
DA:3657,0
DA:3658,0
DA:3659,0
DA:3662,0
DA:3668,0
DA:3670,0
DA:3671,0
DA:3672,0
DA:3673,0
DA:3674,0
DA:3675,0
DA:3676,0
DA:3677,0
DA:3678,0
DA:3683,0
DA:3685,0
DA:3688,0
DA:3689,0
DA:3690,0
DA:3693,0
DA:3699,0
DA:3701,0
DA:3702,0
DA:3703,0
DA:3704,0
DA:3705,0
DA:3706,0
DA:3707,0
DA:3708,0
DA:3709,0
DA:3714,0
DA:3716,0
DA:3719,0
DA:3720,0
DA:3721,0
DA:3724,0
DA:3730,0
DA:3735,0
DA:3736,0
DA:3737,0
DA:3738,0
DA:3739,0
DA:3740,0
DA:3741,0
DA:3742,0
DA:3743,0
DA:3744,0
DA:3749,0
DA:3751,0
DA:3754,0
DA:3755,0
DA:3756,0
DA:3759,0
DA:3765,0
DA:3770,0
DA:3771,0
DA:3772,0
DA:3774,0
DA:3775,0
DA:3776,0
DA:3777,0
DA:3782,0
DA:3784,0
DA:3787,0
DA:3788,0
DA:3789,0
DA:3791,0
DA:3795,0
DA:3801,0
DA:3806,0
DA:3807,0
DA:3808,0
DA:3810,0
DA:3811,0
DA:3812,0
DA:3813,0
DA:3818,0
DA:3820,0
DA:3823,0
DA:3824,0
DA:3825,0
DA:3827,0
DA:3831,0
DA:3837,0
DA:3838,0
DA:3839,0
DA:3840,0
DA:3841,0
DA:3842,0
DA:3844,0
DA:3850,0
DA:3851,0
DA:3855,0
DA:3857,0
DA:3858,0
DA:3861,0
DA:3867,0
DA:3875,0
DA:3877,0
DA:3878,0
DA:3879,0
DA:3881,0
DA:3882,0
DA:3883,0
DA:3884,0
DA:3889,0
DA:3891,0
DA:3894,0
DA:3895,0
DA:3896,0
DA:3899,0
DA:3905,0
DA:3907,0
DA:3908,0
DA:3909,0
DA:3911,0
DA:3912,0
DA:3913,0
DA:3914,0
DA:3919,0
DA:3921,0
DA:3924,0
DA:3925,0
DA:3926,0
DA:3929,0
DA:3935,0
DA:3937,0
DA:3938,0
DA:3939,0
DA:3941,0
DA:3942,0
DA:3943,0
DA:3944,0
DA:3949,0
DA:3951,0
DA:3954,0
DA:3955,0
DA:3956,0
DA:3959,0
DA:3965,0
DA:3967,0
DA:3968,0
DA:3969,0
DA:3970,0
DA:3971,0
DA:3972,0
DA:3973,0
DA:3974,0
DA:3975,0
DA:3980,0
DA:3982,0
DA:3985,0
DA:3986,0
DA:3987,0
DA:3990,0
DA:3996,0
DA:4001,0
DA:4002,0
DA:4006,0
DA:4008,0
DA:4009,0
DA:4010,0
DA:4011,0
DA:4016,0
DA:4018,0
DA:4021,0
DA:4022,0
DA:4023,0
DA:4025,0
DA:4029,0
DA:4035,0
DA:4040,0
DA:4041,0
DA:4043,0
DA:4045,0
DA:4047,0
DA:4048,0
DA:4049,0
DA:4050,0
DA:4055,0
DA:4057,0
DA:4060,0
DA:4061,0
DA:4062,0
DA:4065,0
DA:4071,0
DA:4076,0
DA:4077,0
DA:4081,0
DA:4083,0
DA:4084,0
DA:4085,0
DA:4086,0
DA:4091,0
DA:4093,0
DA:4096,0
DA:4097,0
DA:4098,0
DA:4100,0
DA:4104,0
DA:4110,0
DA:4115,0
DA:4116,0
DA:4120,0
DA:4122,0
DA:4123,0
DA:4124,0
DA:4125,0
DA:4130,0
DA:4132,0
DA:4135,0
DA:4136,0
DA:4137,0
DA:4139,0
DA:4143,0
DA:4149,0
DA:4154,0
DA:4155,0
DA:4159,0
DA:4161,0
DA:4162,0
DA:4163,0
DA:4164,0
DA:4169,0
DA:4171,0
DA:4174,0
DA:4175,0
DA:4176,0
DA:4178,0
DA:4182,0
DA:4188,0
DA:4193,0
DA:4194,0
DA:4198,0
DA:4200,0
DA:4201,0
DA:4202,0
DA:4203,0
DA:4208,0
DA:4210,0
DA:4213,0
DA:4214,0
DA:4215,0
DA:4217,0
DA:4221,0
DA:4227,0
DA:4232,0
DA:4233,0
DA:4237,0
DA:4239,0
DA:4240,0
DA:4241,0
DA:4242,0
DA:4247,0
DA:4249,0
DA:4252,0
DA:4253,0
DA:4254,0
DA:4256,0
DA:4260,0
DA:4266,0
DA:4268,0
DA:4269,0
DA:4270,0
DA:4271,0
DA:4272,0
DA:4273,0
DA:4274,0
DA:4275,0
DA:4276,0
DA:4281,0
DA:4283,0
DA:4286,0
DA:4287,0
DA:4288,0
DA:4291,0
DA:4297,0
DA:4298,0
DA:4299,0
DA:4300,0
DA:4301,0
DA:4302,0
DA:4304,0
DA:4310,0
DA:4311,0
DA:4315,0
DA:4317,0
DA:4318,0
DA:4321,0
DA:4327,0
DA:4335,0
DA:4337,0
DA:4338,0
DA:4339,0
DA:4341,0
DA:4342,0
DA:4343,0
DA:4344,0
DA:4349,0
DA:4351,0
DA:4354,0
DA:4355,0
DA:4356,0
DA:4359,0
DA:4365,0
DA:4367,0
DA:4368,0
DA:4369,0
DA:4371,0
DA:4372,0
DA:4373,0
DA:4374,0
DA:4379,0
DA:4381,0
DA:4384,0
DA:4385,0
DA:4386,0
DA:4389,0
DA:4395,0
DA:4397,0
DA:4398,0
DA:4399,0
DA:4401,0
DA:4402,0
DA:4403,0
DA:4404,0
DA:4409,0
DA:4411,0
DA:4414,0
DA:4415,0
DA:4416,0
DA:4419,0
DA:4425,0
DA:4426,0
DA:4427,0
DA:4428,0
DA:4429,0
DA:4430,0
DA:4432,0
DA:4438,0
DA:4439,0
DA:4443,0
DA:4445,0
DA:4446,0
DA:4449,0
DA:4455,0
DA:4463,0
DA:4465,0
DA:4466,0
DA:4467,0
DA:4469,0
DA:4470,0
DA:4471,0
DA:4472,0
DA:4477,0
DA:4479,0
DA:4482,0
DA:4483,0
DA:4484,0
DA:4487,0
DA:4493,0
DA:4497,0
DA:4498,0
DA:4499,0
DA:4500,0
DA:4501,0
DA:4502,0
DA:4503,0
DA:4504,0
DA:4505,0
DA:4510,0
DA:4512,0
DA:4515,0
DA:4516,0
DA:4517,0
DA:4520,0
DA:4526,0
DA:4528,0
DA:4529,0
DA:4530,0
DA:4532,0
DA:4533,0
DA:4534,0
DA:4535,0
DA:4540,0
DA:4542,0
DA:4545,0
DA:4546,0
DA:4547,0
DA:4550,0
DA:4556,0
DA:4557,0
DA:4558,0
DA:4559,0
DA:4560,0
DA:4561,0
DA:4563,0
DA:4569,0
DA:4570,0
DA:4574,0
DA:4576,0
DA:4577,0
DA:4580,0
DA:4586,0
DA:4594,0
DA:4596,0
DA:4597,0
DA:4598,0
DA:4600,0
DA:4601,0
DA:4602,0
DA:4603,0
DA:4608,0
DA:4610,0
DA:4613,0
DA:4614,0
DA:4615,0
DA:4618,0
DA:4624,0
DA:4630,0
DA:4631,0
DA:4632,0
DA:4633,0
DA:4634,0
DA:4635,0
DA:4636,0
DA:4637,0
DA:4638,0
DA:4639,0
DA:4640,0
DA:4645,0
DA:4647,0
DA:4650,0
DA:4651,0
DA:4652,0
DA:4655,0
DA:4661,0
DA:4662,0
DA:4663,0
DA:4664,0
DA:4665,0
DA:4666,0
DA:4668,0
DA:4674,0
DA:4675,0
DA:4679,0
DA:4681,0
DA:4682,0
DA:4685,0
DA:4691,0
DA:4699,0
DA:4701,0
DA:4702,0
DA:4703,0
DA:4705,0
DA:4706,0
DA:4707,0
DA:4708,0
DA:4713,0
DA:4715,0
DA:4718,0
DA:4719,0
DA:4720,0
DA:4723,0
DA:4729,0
DA:4733,0
DA:4734,0
DA:4735,0
DA:4737,0
DA:4738,0
DA:4739,0
DA:4740,0
DA:4745,0
DA:4747,0
DA:4750,0
DA:4751,0
DA:4752,0
DA:4755,0
DA:4761,0
DA:4763,0
DA:4764,0
DA:4765,0
DA:4766,0
DA:4767,0
DA:4768,0
DA:4769,0
DA:4770,0
DA:4771,0
DA:4776,0
DA:4778,0
DA:4781,0
DA:4782,0
DA:4783,0
DA:4786,0
DA:4792,0
DA:4796,0
DA:4797,0
DA:4798,0
DA:4799,0
DA:4800,0
DA:4801,0
DA:4802,0
DA:4803,0
DA:4804,0
DA:4809,0
DA:4811,0
DA:4814,0
DA:4815,0
DA:4816,0
DA:4819,0
DA:4825,0
DA:4826,0
DA:4827,0
DA:4828,0
DA:4829,0
DA:4830,0
DA:4832,0
DA:4838,0
DA:4839,0
DA:4843,0
DA:4845,0
DA:4846,0
DA:4849,0
DA:4855,0
DA:4863,0
DA:4865,0
DA:4866,0
DA:4867,0
DA:4869,0
DA:4870,0
DA:4871,0
DA:4872,0
DA:4877,0
DA:4879,0
DA:4882,0
DA:4883,0
DA:4884,0
DA:4887,0
DA:4893,0
DA:4895,0
DA:4896,0
DA:4897,0
DA:4899,0
DA:4900,0
DA:4901,0
DA:4902,0
DA:4907,0
DA:4909,0
DA:4912,0
DA:4913,0
DA:4914,0
DA:4917,0
DA:4923,0
DA:4924,0
DA:4925,0
DA:4926,0
DA:4927,0
DA:4928,0
DA:4930,0
DA:4936,0
DA:4937,0
DA:4941,0
DA:4943,0
DA:4944,0
DA:4947,0
DA:4953,0
DA:4961,0
DA:4963,0
DA:4964,0
DA:4965,0
DA:4967,0
DA:4968,0
DA:4969,0
DA:4970,0
DA:4975,0
DA:4977,0
DA:4980,0
DA:4981,0
DA:4982,0
DA:4985,0
DA:4991,0
DA:4995,0
DA:4996,0
DA:4997,0
DA:4998,0
DA:5000,0
DA:5001,0
DA:5002,0
DA:5003,0
DA:5008,0
DA:5010,0
DA:5013,0
DA:5014,0
DA:5015,0
DA:5018,0
DA:5024,0
DA:5026,0
DA:5027,0
DA:5028,0
DA:5029,0
DA:5030,0
DA:5031,0
DA:5032,0
DA:5033,0
DA:5034,0
DA:5039,0
DA:5041,0
DA:5044,0
DA:5045,0
DA:5046,0
DA:5049,0
DA:5055,0
DA:5057,0
DA:5058,0
DA:5059,0
DA:5060,0
DA:5061,0
DA:5062,0
DA:5063,0
DA:5064,0
DA:5065,0
DA:5070,0
DA:5072,0
DA:5075,0
DA:5076,0
DA:5077,0
DA:5080,0
DA:5086,0
DA:5088,0
DA:5089,0
DA:5090,0
DA:5092,0
DA:5093,0
DA:5094,0
DA:5095,0
DA:5100,0
DA:5102,0
DA:5105,0
DA:5106,0
DA:5107,0
DA:5110,0
DA:5116,0
DA:5117,0
DA:5118,0
DA:5119,0
DA:5120,0
DA:5121,0
DA:5123,0
DA:5129,0
DA:5130,0
DA:5134,0
DA:5136,0
DA:5137,0
DA:5140,0
DA:5146,0
DA:5154,0
DA:5156,0
DA:5157,0
DA:5158,0
DA:5160,0
DA:5161,0
DA:5162,0
DA:5163,0
DA:5168,0
DA:5170,0
DA:5173,0
DA:5174,0
DA:5175,0
DA:5177,0
DA:5181,0
DA:5187,0
DA:5189,0
DA:5190,0
DA:5191,0
DA:5193,0
DA:5194,0
DA:5195,0
DA:5196,0
DA:5201,0
DA:5203,0
DA:5206,0
DA:5207,0
DA:5208,0
DA:5211,0
DA:5217,0
DA:5218,0
DA:5219,0
DA:5220,0
DA:5221,0
DA:5222,0
DA:5224,0
DA:5230,0
DA:5231,0
DA:5235,0
DA:5237,0
DA:5238,0
DA:5241,0
DA:5247,0
DA:5255,0
DA:5261,0
DA:5262,0
DA:5264,0
DA:5267,0
DA:5269,0
DA:5270,0
DA:5271,0
DA:5272,0
DA:5277,0
DA:5279,0
DA:5282,0
DA:5283,0
DA:5284,0
DA:5286,0
DA:5290,0
DA:5296,0
DA:5298,0
DA:5299,0
DA:5300,0
DA:5302,0
DA:5303,0
DA:5304,0
DA:5305,0
DA:5310,0
DA:5312,0
DA:5315,0
DA:5316,0
DA:5317,0
DA:5320,0
DA:5326,0
DA:5330,0
DA:5331,0
DA:5332,0
DA:5333,0
DA:5334,0
DA:5335,0
DA:5336,0
DA:5337,0
DA:5338,0
DA:5343,0
DA:5345,0
DA:5348,0
DA:5349,0
DA:5350,0
DA:5353,0
DA:5359,0
DA:5361,0
DA:5362,0
DA:5363,0
DA:5365,0
DA:5366,0
DA:5367,0
DA:5368,0
DA:5373,0
DA:5375,0
DA:5378,0
DA:5379,0
DA:5380,0
DA:5383,0
DA:5389,0
DA:5393,0
DA:5394,0
DA:5395,0
DA:5397,0
DA:5398,0
DA:5399,0
DA:5400,0
DA:5405,0
DA:5407,0
DA:5410,0
DA:5411,0
DA:5412,0
DA:5415,0
DA:5421,0
DA:5425,0
DA:5426,0
DA:5427,0
DA:5428,0
DA:5429,0
DA:5430,0
DA:5431,0
DA:5432,0
DA:5433,0
DA:5438,0
DA:5440,0
DA:5443,0
DA:5444,0
DA:5445,0
DA:5448,0
DA:5454,0
DA:5460,0
DA:5461,0
DA:5466,0
DA:5468,0
DA:5469,0
DA:5470,0
DA:5471,0
DA:5476,0
DA:5478,0
DA:5481,0
DA:5482,0
DA:5483,0
DA:5485,0
DA:5489,0
DA:5495,0
DA:5501,0
DA:5502,0
DA:5504,0
DA:5507,0
DA:5509,0
DA:5510,0
DA:5511,0
DA:5512,0
DA:5517,0
DA:5519,0
DA:5522,0
DA:5523,0
DA:5524,0
DA:5526,0
DA:5530,0
DA:5536,0
DA:5541,0
DA:5542,0
DA:5546,0
DA:5548,0
DA:5549,0
DA:5550,0
DA:5551,0
DA:5556,0
DA:5558,0
DA:5561,0
DA:5562,0
DA:5563,0
DA:5566,0
DA:5572,0
DA:5574,0
DA:5575,0
DA:5576,0
DA:5577,0
DA:5578,0
DA:5579,0
DA:5580,0
DA:5581,0
DA:5582,0
DA:5587,0
DA:5589,0
DA:5592,0
DA:5593,0
DA:5594,0
DA:5597,0
DA:5603,0
DA:5605,0
DA:5606,0
DA:5609,0
DA:5611,0
DA:5612,0
DA:5613,0
DA:5614,0
DA:5619,0
DA:5621,0
DA:5624,0
DA:5625,0
DA:5626,0
DA:5629,0
DA:5635,0
DA:5637,0
DA:5638,0
DA:5639,0
DA:5640,0
DA:5641,0
DA:5642,0
DA:5643,0
DA:5644,0
DA:5645,0
DA:5650,0
DA:5652,0
DA:5655,0
DA:5656,0
DA:5657,0
DA:5660,0
DA:5666,0
DA:5668,0
DA:5669,0
DA:5670,0
DA:5672,0
DA:5673,0
DA:5674,0
DA:5675,0
DA:5680,0
DA:5682,0
DA:5685,0
DA:5686,0
DA:5687,0
DA:5690,0
DA:5696,0
DA:5698,0
DA:5699,0
DA:5700,0
DA:5702,0
DA:5703,0
DA:5704,0
DA:5705,0
DA:5710,0
DA:5712,0
DA:5715,0
DA:5716,0
DA:5717,0
DA:5720,0
DA:5726,0
DA:5728,0
DA:5729,0
DA:5730,0
DA:5731,0
DA:5732,0
DA:5733,0
DA:5734,0
DA:5735,0
DA:5736,0
DA:5741,0
DA:5743,0
DA:5746,0
DA:5747,0
DA:5748,0
DA:5751,0
DA:5757,0
DA:5759,0
DA:5760,0
DA:5761,0
DA:5763,0
DA:5764,0
DA:5765,0
DA:5766,0
DA:5771,0
DA:5773,0
DA:5776,0
DA:5777,0
DA:5778,0
DA:5781,0
DA:5787,0
DA:5789,0
DA:5790,0
DA:5791,0
DA:5793,0
DA:5794,0
DA:5795,0
DA:5796,0
DA:5801,0
DA:5803,0
DA:5806,0
DA:5807,0
DA:5808,0
DA:5811,0
DA:5817,0
DA:5819,0
DA:5820,0
DA:5821,0
DA:5822,0
DA:5823,0
DA:5824,0
DA:5825,0
DA:5826,0
DA:5827,0
DA:5832,0
DA:5834,0
DA:5837,0
DA:5838,0
DA:5839,0
DA:5842,0
DA:5848,0
DA:5850,0
DA:5851,0
DA:5852,0
DA:5853,0
DA:5854,0
DA:5855,0
DA:5856,0
DA:5857,0
DA:5858,0
DA:5863,0
DA:5865,0
DA:5868,0
DA:5869,0
DA:5870,0
DA:5873,0
DA:5879,0
DA:5881,0
DA:5882,0
DA:5883,0
DA:5885,0
DA:5886,0
DA:5887,0
DA:5888,0
DA:5893,0
DA:5895,0
DA:5898,0
DA:5899,0
DA:5900,0
DA:5903,0
DA:5909,0
DA:5913,0
DA:5914,0
DA:5915,0
DA:5917,0
DA:5918,0
DA:5919,0
DA:5920,0
DA:5925,0
DA:5927,0
DA:5930,0
DA:5931,0
DA:5932,0
DA:5934,0
DA:5938,0
DA:5944,0
DA:5948,0
DA:5949,0
DA:5950,0
DA:5952,0
DA:5953,0
DA:5954,0
DA:5955,0
DA:5960,0
DA:5962,0
DA:5965,0
DA:5966,0
DA:5967,0
DA:5969,0
DA:5973,0
DA:5979,0
DA:5980,0
DA:5981,0
DA:5982,0
DA:5983,0
DA:5984,0
DA:5986,0
DA:5992,0
DA:5993,0
DA:5997,0
DA:5999,0
DA:6000,0
DA:6003,0
DA:6009,0
DA:6017,0
DA:6021,0
DA:6022,0
DA:6023,0
DA:6024,0
DA:6026,0
DA:6027,0
DA:6028,0
DA:6029,0
DA:6034,0
DA:6036,0
DA:6039,0
DA:6040,0
DA:6041,0
DA:6044,0
DA:6050,0
DA:6052,0
DA:6053,0
DA:6054,0
DA:6056,0
DA:6057,0
DA:6058,0
DA:6059,0
DA:6064,0
DA:6066,0
DA:6069,0
DA:6070,0
DA:6071,0
DA:6074,0
DA:6080,0
DA:6082,0
DA:6083,0
DA:6084,0
DA:6086,0
DA:6087,0
DA:6088,0
DA:6089,0
DA:6094,0
DA:6096,0
DA:6099,0
DA:6100,0
DA:6101,0
DA:6104,0
DA:6110,0
DA:6115,0
DA:6116,0
DA:6120,0
DA:6122,0
DA:6123,0
DA:6124,0
DA:6125,0
DA:6130,0
DA:6132,0
DA:6135,0
DA:6136,0
DA:6137,0
DA:6139,0
DA:6143,0
DA:6149,0
DA:6151,0
DA:6152,0
DA:6153,0
DA:6154,0
DA:6155,0
DA:6156,0
DA:6157,0
DA:6158,0
DA:6159,0
DA:6164,0
DA:6166,0
DA:6169,0
DA:6170,0
DA:6171,0
DA:6174,0
DA:6180,0
DA:6182,0
DA:6183,0
DA:6184,0
DA:6186,0
DA:6187,0
DA:6188,0
DA:6189,0
DA:6194,0
DA:6196,0
DA:6199,0
DA:6200,0
DA:6201,0
DA:6204,0
DA:6210,0
DA:6212,0
DA:6213,0
DA:6214,0
DA:6216,0
DA:6217,0
DA:6218,0
DA:6219,0
DA:6224,0
DA:6226,0
DA:6229,0
DA:6230,0
DA:6231,0
DA:6234,0
DA:6240,0
DA:6242,0
DA:6243,0
DA:6244,0
DA:6246,0
DA:6247,0
DA:6248,0
DA:6249,0
DA:6254,0
DA:6256,0
DA:6259,0
DA:6260,0
DA:6261,0
DA:6264,0
DA:6270,0
DA:6274,0
DA:6275,0
DA:6276,0
DA:6278,0
DA:6279,0
DA:6280,0
DA:6281,0
DA:6286,0
DA:6288,0
DA:6291,0
DA:6292,0
DA:6293,0
DA:6296,0
DA:6302,0
DA:6304,0
DA:6305,0
DA:6306,0
DA:6307,0
DA:6308,0
DA:6309,0
DA:6310,0
DA:6311,0
DA:6312,0
DA:6317,0
DA:6319,0
DA:6322,0
DA:6323,0
DA:6324,0
DA:6327,0
DA:6333,0
DA:6335,0
DA:6336,0
DA:6337,0
DA:6339,0
DA:6340,0
DA:6341,0
DA:6342,0
DA:6347,0
DA:6349,0
DA:6352,0
DA:6353,0
DA:6354,0
DA:6357,0
DA:6363,0
DA:6365,0
DA:6366,0
DA:6367,0
DA:6369,0
DA:6370,0
DA:6371,0
DA:6372,0
DA:6377,0
DA:6379,0
DA:6382,0
DA:6383,0
DA:6384,0
DA:6387,0
DA:6393,0
DA:6394,0
DA:6395,0
DA:6396,0
DA:6397,0
DA:6398,0
DA:6400,0
DA:6406,0
DA:6407,0
DA:6411,0
DA:6413,0
DA:6414,0
DA:6417,0
DA:6423,0
DA:6431,0
DA:6435,0
DA:6436,0
DA:6437,0
DA:6438,0
DA:6440,0
DA:6441,0
DA:6442,0
DA:6443,0
DA:6448,0
DA:6450,0
DA:6453,0
DA:6454,0
DA:6455,0
DA:6458,0
DA:6464,0
DA:6466,0
DA:6467,0
DA:6468,0
DA:6470,0
DA:6471,0
DA:6472,0
DA:6473,0
DA:6478,0
DA:6480,0
DA:6483,0
DA:6484,0
DA:6485,0
DA:6488,0
DA:6494,0
DA:6496,0
DA:6497,0
DA:6498,0
DA:6499,0
DA:6500,0
DA:6501,0
DA:6502,0
DA:6503,0
DA:6504,0
DA:6509,0
DA:6511,0
DA:6514,0
DA:6515,0
DA:6516,0
DA:6519,0
DA:6525,0
DA:6527,0
DA:6528,0
DA:6529,0
DA:6530,0
DA:6531,0
DA:6532,0
DA:6533,0
DA:6534,0
DA:6535,0
DA:6540,0
DA:6542,0
DA:6545,0
DA:6546,0
DA:6547,0
DA:6550,0
DA:6556,0
DA:6558,0
DA:6559,0
DA:6560,0
DA:6562,0
DA:6563,0
DA:6564,0
DA:6565,0
DA:6570,0
DA:6572,0
DA:6575,0
DA:6576,0
DA:6577,0
DA:6580,0
DA:6586,0
DA:6587,0
DA:6588,0
DA:6589,0
DA:6590,0
DA:6591,0
DA:6593,0
DA:6599,0
DA:6600,0
DA:6604,0
DA:6606,0
DA:6607,0
DA:6610,0
DA:6616,0
DA:6624,0
DA:6626,0
DA:6627,0
DA:6628,0
DA:6629,0
DA:6630,0
DA:6631,0
DA:6632,0
DA:6633,0
DA:6634,0
DA:6639,0
DA:6641,0
DA:6644,0
DA:6645,0
DA:6646,0
DA:6649,0
DA:6655,0
DA:6660,0
DA:6661,0
DA:6662,0
DA:6664,0
DA:6665,0
DA:6666,0
DA:6667,0
DA:6672,0
DA:6674,0
DA:6677,0
DA:6678,0
DA:6679,0
DA:6681,0
DA:6685,0
DA:6691,0
DA:6696,0
DA:6697,0
DA:6698,0
DA:6700,0
DA:6701,0
DA:6702,0
DA:6703,0
DA:6708,0
DA:6710,0
DA:6713,0
DA:6714,0
DA:6715,0
DA:6717,0
DA:6721,0
DA:6727,0
DA:6729,0
DA:6730,0
DA:6731,0
DA:6733,0
DA:6734,0
DA:6735,0
DA:6736,0
DA:6741,0
DA:6743,0
DA:6746,0
DA:6747,0
DA:6748,0
DA:6751,0
DA:6757,0
DA:6759,0
DA:6760,0
DA:6761,0
DA:6762,0
DA:6763,0
DA:6764,0
DA:6765,0
DA:6766,0
DA:6767,0
DA:6772,0
DA:6774,0
DA:6777,0
DA:6778,0
DA:6779,0
DA:6782,0
DA:6788,0
DA:6789,0
DA:6790,0
DA:6791,0
DA:6792,0
DA:6793,0
DA:6795,0
DA:6801,0
DA:6802,0
DA:6806,0
DA:6808,0
DA:6809,0
DA:6812,0
DA:6818,0
DA:6826,0
DA:6828,0
DA:6829,0
DA:6830,0
DA:6832,0
DA:6833,0
DA:6834,0
DA:6835,0
DA:6840,0
DA:6842,0
DA:6845,0
DA:6846,0
DA:6847,0
DA:6850,0
DA:6856,0
DA:6857,0
DA:6858,0
DA:6859,0
DA:6860,0
DA:6861,0
DA:6863,0
DA:6869,0
DA:6870,0
DA:6874,0
DA:6876,0
DA:6877,0
DA:6880,0
DA:6886,0
DA:6894,0
DA:6899,0
DA:6900,0
DA:6901,0
DA:6902,0
DA:6903,0
DA:6904,0
DA:6905,0
DA:6906,0
DA:6908,0
DA:6909,0
DA:6910,0
DA:6915,0
DA:6916,0
DA:6922,0
DA:6923,0
DA:6928,0
DA:6930,0
DA:6933,0
DA:6934,0
DA:6935,0
DA:6938,0
DA:6944,0
DA:6945,0
DA:6946,0
DA:6947,0
DA:6948,0
DA:6949,0
DA:6951,0
DA:6957,0
DA:6958,0
DA:6962,0
DA:6964,0
DA:6965,0
DA:6968,0
DA:6974,0
DA:6982,0
DA:6984,0
DA:6985,0
DA:6986,0
DA:6988,0
DA:6989,0
DA:6990,0
DA:6991,0
DA:6996,0
DA:6998,0
DA:7001,0
DA:7002,0
DA:7003,0
DA:7006,0
DA:7012,0
DA:7020,0
DA:7021,0
DA:7028,0
DA:7030,0
DA:7031,0
DA:7032,0
DA:7033,0
DA:7038,0
DA:7040,0
DA:7043,0
DA:7044,0
DA:7045,0
DA:7048,0
DA:7054,0
DA:7056,0
DA:7057,0
DA:7058,0
DA:7060,0
DA:7061,0
DA:7062,0
DA:7063,0
DA:7068,0
DA:7070,0
DA:7073,0
DA:7074,0
DA:7075,0
DA:7078,0
DA:7084,0
DA:7086,0
DA:7087,0
DA:7088,0
DA:7090,0
DA:7091,0
DA:7092,0
DA:7093,0
DA:7098,0
DA:7100,0
DA:7103,0
DA:7104,0
DA:7105,0
DA:7108,0
DA:7114,0
DA:7119,0
DA:7120,0
DA:7124,0
DA:7126,0
DA:7127,0
DA:7128,0
DA:7129,0
DA:7134,0
DA:7136,0
DA:7139,0
DA:7140,0
DA:7141,0
DA:7144,0
DA:7150,0
DA:7152,0
DA:7153,0
DA:7154,0
DA:7156,0
DA:7157,0
DA:7158,0
DA:7159,0
DA:7164,0
DA:7166,0
DA:7169,0
DA:7170,0
DA:7171,0
DA:7174,0
DA:7180,0
DA:7182,0
DA:7183,0
DA:7184,0
DA:7186,0
DA:7187,0
DA:7188,0
DA:7189,0
DA:7194,0
DA:7196,0
DA:7199,0
DA:7200,0
DA:7201,0
DA:7204,0
DA:7210,0
DA:7212,0
DA:7213,0
DA:7214,0
DA:7216,0
DA:7217,0
DA:7218,0
DA:7219,0
DA:7224,0
DA:7226,0
DA:7229,0
DA:7230,0
DA:7231,0
DA:7234,0
DA:7240,0
DA:7245,0
DA:7246,0
DA:7250,0
DA:7252,0
DA:7253,0
DA:7254,0
DA:7255,0
DA:7260,0
DA:7262,0
DA:7265,0
DA:7266,0
DA:7267,0
DA:7270,0
DA:7276,0
DA:7278,0
DA:7279,0
DA:7280,0
DA:7282,0
DA:7283,0
DA:7284,0
DA:7285,0
DA:7290,0
DA:7292,0
DA:7295,0
DA:7297,0
DA:7303,0
DA:7307,0
DA:7308,0
DA:7309,0
DA:7310,0
DA:7311,0
DA:7312,0
DA:7313,0
DA:7314,0
DA:7315,0
DA:7320,0
DA:7322,0
DA:7325,0
DA:7326,0
DA:7327,0
DA:7330,0
DA:7336,0
DA:7340,0
DA:7341,0
DA:7342,0
DA:7344,0
DA:7345,0
DA:7346,0
DA:7347,0
DA:7352,0
DA:7354,0
DA:7357,0
DA:7358,0
DA:7359,0
DA:7362,0
DA:7368,0
DA:7372,0
DA:7373,0
DA:7374,0
DA:7376,0
DA:7377,0
DA:7378,0
DA:7379,0
DA:7384,0
DA:7386,0
DA:7389,0
DA:7390,0
DA:7391,0
DA:7394,0
DA:7400,0
DA:7401,0
DA:7402,0
DA:7403,0
DA:7404,0
DA:7405,0
DA:7407,0
DA:7413,0
DA:7414,0
DA:7418,0
DA:7420,0
DA:7421,0
DA:7424,0
DA:7430,0
DA:7438,0
DA:7440,0
DA:7441,0
DA:7442,0
DA:7444,0
DA:7445,0
DA:7446,0
DA:7447,0
DA:7452,0
DA:7454,0
DA:7457,0
DA:7458,0
DA:7459,0
DA:7462,0
DA:7468,0
DA:7470,0
DA:7471,0
DA:7472,0
DA:7473,0
DA:7474,0
DA:7475,0
DA:7476,0
DA:7477,0
DA:7478,0
DA:7483,0
DA:7485,0
DA:7488,0
DA:7489,0
DA:7490,0
DA:7493,0
DA:7499,0
DA:7503,0
DA:7504,0
DA:7505,0
DA:7507,0
DA:7508,0
DA:7509,0
DA:7510,0
DA:7515,0
DA:7517,0
DA:7520,0
DA:7521,0
DA:7522,0
DA:7525,0
DA:7531,0
DA:7533,0
DA:7534,0
DA:7535,0
DA:7537,0
DA:7538,0
DA:7539,0
DA:7540,0
DA:7545,0
DA:7547,0
DA:7550,0
DA:7551,0
DA:7552,0
DA:7553,0
DA:7556,0
DA:7562,0
DA:7564,0
DA:7565,0
DA:7566,0
DA:7568,0
DA:7569,0
DA:7570,0
DA:7571,0
DA:7576,0
DA:7578,0
DA:7581,0
DA:7583,0
DA:7589,0
DA:7602,0
DA:7603,0
DA:7615,0
DA:7616,0
DA:7618,0
DA:7619,0
DA:7620,0
DA:7621,0
DA:7626,0
DA:7628,0
DA:7631,0
DA:7632,0
DA:7633,0
DA:7636,0
DA:7642,0
DA:7644,0
DA:7645,0
DA:7646,0
DA:7648,0
DA:7649,0
DA:7650,0
DA:7651,0
DA:7656,0
DA:7658,0
DA:7661,0
DA:7662,0
DA:7663,0
DA:7666,0
DA:7672,0
DA:7676,0
DA:7677,0
DA:7678,0
DA:7679,0
DA:7680,0
DA:7681,0
DA:7682,0
DA:7683,0
DA:7684,0
DA:7689,0
DA:7691,0
DA:7694,0
DA:7695,0
DA:7696,0
DA:7699,0
DA:7705,0
DA:7709,0
DA:7710,0
DA:7711,0
DA:7712,0
DA:7713,0
DA:7714,0
DA:7715,0
DA:7716,0
DA:7717,0
DA:7722,0
DA:7724,0
DA:7727,0
DA:7728,0
DA:7729,0
DA:7732,0
DA:7738,0
DA:7740,0
DA:7741,0
DA:7742,0
DA:7744,0
DA:7745,0
DA:7746,0
DA:7747,0
DA:7752,0
DA:7754,0
DA:7757,0
DA:7758,0
DA:7759,0
DA:7762,0
DA:7768,0
DA:7770,0
DA:7771,0
DA:7772,0
DA:7774,0
DA:7775,0
DA:7776,0
DA:7777,0
DA:7782,0
DA:7784,0
DA:7787,0
DA:7788,0
DA:7789,0
DA:7792,0
DA:7798,0
DA:7799,0
DA:7800,0
DA:7801,0
DA:7802,0
DA:7803,0
DA:7805,0
DA:7811,0
DA:7812,0
DA:7816,0
DA:7818,0
DA:7819,0
DA:7822,0
DA:7828,0
DA:7836,0
DA:7838,0
DA:7839,0
DA:7840,0
DA:7842,0
DA:7843,0
DA:7844,0
DA:7845,0
DA:7850,0
DA:7852,0
DA:7855,0
DA:7856,0
DA:7857,0
DA:7860,0
DA:7866,0
DA:7867,0
DA:7868,0
DA:7869,0
DA:7870,0
DA:7871,0
DA:7873,0
DA:7879,0
DA:7880,0
DA:7884,0
DA:7886,0
DA:7887,0
DA:7890,0
LF:3541
LH:0
end_of_record
SF:lib\src\data\datasources\sockets\base_socket.dart
DA:9,0
DA:14,0
DA:15,0
DA:16,0
DA:17,0
DA:19,0
DA:21,0
DA:24,0
DA:32,0
DA:33,0
DA:34,0
DA:35,0
DA:38,0
DA:39,0
DA:40,0
DA:43,0
DA:44,0
DA:45,0
DA:48,0
DA:49,0
DA:50,0
DA:51,0
DA:54,0
DA:55,0
DA:56,0
DA:60,0
DA:61,0
DA:64,0
DA:65,0
DA:70,0
DA:71,0
DA:72,0
DA:73,0
DA:75,0
DA:78,0
DA:79,0
DA:80,0
DA:83,0
DA:85,0
DA:86,0
LF:40
LH:0
end_of_record
SF:lib\src\data\datasources\sockets\live_socket.dart
DA:6,0
DA:8,0
DA:10,0
DA:13,0
DA:15,0
LF:5
LH:0
end_of_record
SF:lib\core\base\network\network_request.dart
DA:3,0
DA:7,0
DA:11,0
DA:15,0
DA:20,0
DA:21,0
DA:22,0
DA:24,0
DA:25,0
DA:26,0
DA:27,0
DA:29,0
DA:34,0
DA:42,0
DA:46,0
DA:48,0
DA:50,0
DA:52,0
DA:56,0
DA:60,0
DA:68,0
DA:72,0
DA:74,0
DA:76,0
DA:78,0
DA:82,0
DA:84,0
DA:86,0
DA:90,0
DA:98,0
DA:101,0
DA:103,0
DA:105,0
DA:107,0
DA:111,0
DA:115,0
DA:121,0
DA:123,0
DA:126,0
DA:128,0
DA:130,0
DA:132,0
DA:136,0
LF:43
LH:0
end_of_record
SF:lib\src\data\repositories\sell_order_repository.dart
DA:6,0
DA:8,0
DA:10,0
DA:13,0
DA:15,0
DA:18,0
DA:20,0
DA:23,0
DA:25,0
DA:28,0
DA:30,0
DA:33,0
DA:35,0
DA:38,0
DA:40,0
DA:43,0
DA:46,0
DA:49,0
DA:51,0
DA:54,0
DA:56,0
DA:59,0
DA:61,0
DA:64,0
DA:66,0
DA:69,0
DA:71,0
DA:74,0
DA:76,0
DA:79,0
DA:81,0
DA:84,0
DA:86,0
DA:89,0
DA:91,0
DA:94,0
DA:96,0
DA:99,0
DA:101,0
DA:104,0
DA:106,0
DA:109,0
DA:111,0
DA:114,0
DA:116,0
LF:45
LH:0
end_of_record
SF:lib\src\data\repositories\wallet_repository.dart
DA:6,0
DA:8,0
DA:10,0
DA:13,0
DA:21,0
DA:24,0
DA:26,0
DA:29,0
DA:31,0
DA:34,0
DA:36,0
DA:39,0
DA:41,0
DA:44,0
DA:46,0
DA:49,0
DA:51,0
DA:54,0
DA:56,0
DA:59,0
DA:61,0
DA:64,0
DA:66,0
DA:69,0
DA:71,0
DA:74,0
DA:76,0
LF:27
LH:0
end_of_record
SF:lib\src\data\repositories\sell_product_repository.dart
DA:6,0
DA:8,0
DA:10,0
DA:13,0
DA:15,0
DA:18,0
DA:20,0
DA:23,0
DA:25,0
DA:28,0
DA:30,0
DA:33,0
DA:35,0
DA:38,0
DA:40,0
DA:43,0
DA:45,0
DA:48,0
DA:50,0
DA:53,0
DA:55,0
DA:58,0
DA:60,0
DA:63,0
DA:65,0
LF:25
LH:0
end_of_record
SF:lib\src\data\repositories\upload_repository.dart
DA:6,0
DA:8,0
DA:10,0
LF:3
LH:0
end_of_record
SF:lib\src\data\repositories\gift_shop_repository.dart
DA:6,0
DA:8,0
DA:10,0
LF:3
LH:0
end_of_record
SF:lib\src\data\repositories\billing_address_repository.dart
DA:6,0
DA:8,0
DA:10,0
DA:13,0
DA:15,0
DA:18,0
DA:20,0
DA:23,0
DA:25,0
DA:28,0
DA:30,0
DA:33,0
DA:35,0
DA:38,0
DA:40,0
LF:15
LH:0
end_of_record
SF:lib\src\data\repositories\moderation_repository.dart
DA:6,0
DA:8,0
DA:10,0
DA:13,0
DA:15,0
DA:16,0
DA:17,0
DA:18,0
LF:8
LH:0
end_of_record
SF:lib\src\data\repositories\sell_event_repository.dart
DA:6,0
DA:8,0
DA:10,0
DA:13,0
DA:15,0
LF:5
LH:0
end_of_record
SF:lib\src\data\repositories\geographical_repository.dart
DA:6,0
DA:8,0
DA:10,0
DA:13,0
DA:15,0
DA:18,0
DA:20,0
DA:23,0
DA:25,0
LF:9
LH:0
end_of_record
SF:lib\src\data\repositories\refund_banking_repository.dart
DA:6,0
DA:8,0
DA:10,0
DA:13,0
DA:15,0
DA:18,0
DA:20,0
LF:7
LH:0
end_of_record
SF:lib\src\data\repositories\rank_repository.dart
DA:6,0
DA:8,0
DA:10,0
DA:13,0
DA:15,0
DA:18,0
DA:20,0
LF:7
LH:0
end_of_record
SF:lib\src\data\repositories\search_repository.dart
DA:6,0
DA:8,0
DA:10,0
DA:13,0
DA:15,0
DA:18,0
DA:20,0
DA:23,0
DA:25,0
LF:9
LH:0
end_of_record
SF:lib\src\data\repositories\post_repository.dart
DA:6,0
DA:8,0
DA:10,0
DA:11,0
DA:19,0
DA:21,0
DA:24,0
DA:26,0
DA:29,0
DA:31,0
DA:34,0
DA:36,0
DA:39,0
DA:41,0
DA:44,0
DA:46,0
DA:49,0
DA:51,0
DA:54,0
DA:56,0
DA:59,0
DA:61,0
DA:64,0
DA:66,0
DA:69,0
DA:71,0
DA:74,0
DA:76,0
DA:79,0
DA:81,0
LF:30
LH:0
end_of_record
SF:lib\src\data\repositories\activity_repository.dart
DA:6,0
DA:7,0
DA:10,0
DA:12,0
DA:15,0
DA:17,0
LF:6
LH:0
end_of_record
SF:lib\src\data\repositories\config_repository.dart
DA:6,0
DA:8,0
DA:10,0
DA:13,0
DA:15,0
DA:18,0
DA:20,0
DA:23,0
DA:25,0
DA:28,0
DA:30,0
DA:33,0
DA:35,0
LF:13
LH:0
end_of_record
SF:lib\src\data\repositories\affiliate_repository.dart
DA:6,0
DA:8,0
DA:10,0
DA:13,0
DA:15,0
DA:18,0
DA:20,0
DA:23,0
DA:25,0
DA:28,0
DA:30,0
DA:33,0
DA:46,0
DA:49,0
DA:51,0
DA:54,0
DA:56,0
DA:59,0
DA:61,0
DA:64,0
DA:66,0
DA:69,0
DA:71,0
LF:23
LH:0
end_of_record
SF:lib\src\data\repositories\profile_repository.dart
DA:6,0
DA:8,0
DA:10,0
DA:13,0
DA:15,0
DA:18,0
DA:20,0
DA:23,0
DA:25,0
DA:28,0
DA:30,0
DA:33,0
DA:35,0
DA:38,0
DA:40,0
DA:43,0
DA:45,0
DA:48,0
DA:50,0
DA:53,0
DA:55,0
DA:58,0
DA:60,0
DA:63,0
DA:65,0
LF:25
LH:0
end_of_record
SF:lib\src\data\repositories\hashtag_repository.dart
DA:6,0
DA:8,0
DA:10,0
LF:3
LH:0
end_of_record
SF:lib\src\data\repositories\follow_repository.dart
DA:6,0
DA:8,0
DA:10,0
DA:13,0
DA:15,0
DA:18,0
DA:20,0
LF:7
LH:0
end_of_record
SF:lib\src\data\repositories\sell_cart_repository.dart
DA:6,0
DA:8,0
DA:10,0
DA:13,0
DA:15,0
DA:18,0
DA:20,0
DA:23,0
DA:25,0
DA:28,0
DA:30,0
LF:11
LH:0
end_of_record
SF:lib\src\data\repositories\sound_repository.dart
DA:6,0
DA:8,0
DA:10,0
DA:13,0
DA:15,0
DA:18,0
DA:20,0
DA:23,0
DA:25,0
DA:28,0
DA:30,0
LF:11
LH:0
end_of_record
SF:lib\src\data\repositories\auth_repository.dart
DA:6,0
DA:8,0
DA:10,0
DA:13,0
DA:15,0
DA:18,0
DA:20,0
DA:23,0
DA:25,0
DA:28,0
DA:30,0
DA:33,0
DA:35,0
DA:38,0
DA:40,0
DA:43,0
DA:45,0
DA:48,0
DA:50,0
DA:53,0
DA:55,0
LF:21
LH:0
end_of_record
SF:lib\src\data\repositories\sell_voucher_repository.dart
DA:6,0
DA:8,0
DA:10,0
DA:13,0
DA:15,0
DA:18,0
DA:20,0
DA:23,0
DA:25,0
DA:28,0
DA:30,0
LF:11
LH:0
end_of_record
SF:lib\src\data\repositories\term_repository.dart
DA:6,0
DA:8,0
DA:10,0
LF:3
LH:0
end_of_record
SF:lib\src\data\repositories\live_repository.dart
DA:7,0
DA:9,0
DA:11,0
DA:14,0
DA:16,0
DA:19,0
DA:21,0
DA:24,0
DA:26,0
DA:29,0
DA:31,0
DA:34,0
DA:36,0
DA:39,0
DA:41,0
DA:44,0
DA:46,0
DA:49,0
DA:51,0
DA:54,0
DA:56,0
DA:59,0
DA:61,0
DA:64,0
DA:66,0
DA:69,0
DA:71,0
DA:74,0
DA:76,0
DA:79,0
DA:81,0
DA:84,0
DA:86,0
DA:89,0
DA:91,0
DA:94,0
DA:96,0
DA:99,0
DA:101,0
DA:104,0
DA:106,0
DA:109,0
DA:111,0
DA:114,0
DA:116,0
DA:119,0
DA:121,0
DA:124,0
DA:126,0
DA:129,0
DA:131,0
DA:134,0
DA:136,0
DA:139,0
DA:141,0
DA:144,0
DA:146,0
DA:149,0
DA:151,0
DA:154,0
DA:156,0
DA:159,0
DA:161,0
DA:164,0
DA:166,0
DA:169,0
DA:171,0
DA:174,0
DA:176,0
DA:179,0
DA:181,0
DA:184,0
DA:186,0
LF:73
LH:0
end_of_record
SF:lib\src\data\repositories\sell_repository.dart
DA:6,0
DA:8,0
DA:10,0
DA:13,0
DA:15,0
LF:5
LH:0
end_of_record
SF:lib\src\data\repositories\news_repository.dart
DA:6,0
DA:8,0
DA:10,0
LF:3
LH:0
end_of_record
SF:lib\src\data\repositories\live_censor_repository.dart
DA:6,0
DA:8,0
DA:10,0
DA:13,0
DA:15,0
DA:18,0
DA:20,0
LF:7
LH:0
end_of_record
SF:lib\src\data\repositories\report_repository.dart
DA:6,0
DA:8,0
DA:10,0
DA:13,0
DA:15,0
LF:5
LH:0
end_of_record
SF:lib\src\data\repositories\gift_repository.dart
DA:6,0
DA:8,0
DA:10,0
DA:13,0
DA:15,0
DA:18,0
DA:20,0
LF:7
LH:0
end_of_record
SF:lib\src\data\repositories\notification_repository.dart
DA:6,0
DA:8,0
DA:10,0
DA:13,0
DA:15,0
DA:18,0
DA:20,0
DA:23,0
DA:25,0
DA:28,0
DA:30,0
DA:33,0
DA:35,0
LF:13
LH:0
end_of_record
SF:lib\src\presentation\blocs\notification\notification_cubit.dart
DA:8,0
DA:16,0
DA:17,0
DA:18,0
DA:19,0
DA:20,0
DA:21,0
DA:24,0
DA:25,0
DA:26,0
DA:27,0
DA:31,0
DA:32,0
DA:33,0
DA:34,0
DA:38,0
DA:39,0
DA:40,0
DA:41,0
DA:43,0
DA:44,0
DA:45,0
DA:49,0
DA:50,0
DA:51,0
DA:52,0
DA:54,0
DA:55,0
DA:56,0
DA:60,0
DA:61,0
DA:62,0
DA:63,0
DA:65,0
DA:66,0
DA:67,0
DA:71,0
DA:72,0
DA:73,0
DA:74,0
LF:40
LH:0
end_of_record
SF:lib\src\presentation\blocs\profile\profile_state.dart
DA:10,0
LF:1
LH:0
end_of_record
SF:lib\src\presentation\blocs\search\search_state.dart
DA:12,0
LF:1
LH:0
end_of_record
SF:lib\core\base\bloc\cubit_action.dart
DA:4,0
DA:11,0
DA:14,0
DA:15,0
DA:16,0
DA:18,0
DA:21,0
DA:22,0
DA:25,0
DA:30,0
DA:37,0
DA:40,0
DA:41,0
DA:42,0
DA:44,0
DA:47,0
DA:48,0
DA:51,0
DA:56,0
DA:63,0
DA:66,0
DA:67,0
DA:68,0
DA:70,0
DA:73,0
DA:74,0
DA:77,0
DA:82,0
DA:92,0
DA:95,0
DA:96,0
DA:97,0
DA:98,0
DA:99,0
DA:100,0
DA:101,0
DA:102,0
DA:103,0
DA:105,0
DA:106,0
DA:108,0
DA:111,0
DA:112,0
DA:115,0
LF:44
LH:0
end_of_record
SF:lib\src\presentation\blocs\rank\rank_state.dart
DA:12,0
LF:1
LH:0
end_of_record
SF:lib\src\presentation\blocs\report\report_state.dart
DA:11,0
LF:1
LH:0
end_of_record
SF:lib\src\presentation\blocs\receipt\receipt_state.dart
DA:9,0
LF:1
LH:0
end_of_record
SF:lib\src\presentation\blocs\refund_banking\refund_banking_cubit.dart
DA:6,0
DA:8,0
DA:9,0
DA:11,0
DA:12,0
DA:13,0
DA:14,0
DA:15,0
DA:16,0
DA:21,0
DA:22,0
DA:23,0
DA:24,0
DA:28,0
DA:29,0
DA:30,0
DA:31,0
DA:32,0
DA:33,0
DA:36,0
DA:37,0
DA:38,0
DA:39,0
DA:40,0
DA:41,0
LF:25
LH:0
end_of_record
SF:lib\src\presentation\blocs\live_request\live_request_state.dart
DA:15,0
LF:1
LH:0
end_of_record
SF:lib\src\presentation\blocs\profile\profile_cubit.dart
DA:7,0
DA:9,0
DA:10,0
DA:12,0
DA:14,0
DA:15,0
DA:20,0
DA:22,0
DA:23,0
DA:26,0
DA:27,0
DA:28,0
DA:29,0
DA:31,0
DA:32,0
DA:33,0
DA:34,0
DA:35,0
DA:36,0
DA:37,0
DA:40,0
DA:41,0
DA:43,0
DA:52,0
DA:53,0
DA:54,0
DA:55,0
DA:56,0
DA:57,0
LF:29
LH:0
end_of_record
SF:lib\src\presentation\blocs\user\user_state.dart
DA:17,0
DA:18,0
LF:2
LH:0
end_of_record
SF:lib\src\presentation\blocs\config\config_cubit.dart
DA:6,0
DA:8,0
DA:9,0
DA:10,0
DA:11,0
DA:12,0
DA:13,0
DA:14,0
DA:17,0
DA:18,0
DA:19,0
DA:20,0
DA:24,0
DA:25,0
DA:26,0
DA:27,0
DA:28,0
DA:29,0
DA:34,0
DA:35,0
DA:36,0
DA:37,0
DA:41,0
DA:42,0
DA:43,0
DA:44,0
DA:48,0
DA:49,0
DA:50,0
DA:51,0
DA:55,0
DA:56,0
DA:57,0
DA:58,0
LF:34
LH:0
end_of_record
SF:lib\src\presentation\blocs\live_socket\live_socket_state.dart
DA:11,0
LF:1
LH:0
end_of_record
SF:lib\src\presentation\blocs\moderation\moderation_cubit.dart
DA:7,0
DA:9,0
DA:10,0
DA:11,0
DA:12,0
DA:15,0
DA:16,0
DA:17,0
DA:18,0
DA:21,0
DA:24,0
DA:26,0
DA:27,0
DA:29,0
DA:31,0
DA:33,0
DA:36,0
DA:38,0
DA:44,0
DA:45,0
LF:20
LH:0
end_of_record
SF:lib\src\presentation\blocs\live_mission\live_mission_cubit.dart
DA:6,0
DA:8,0
DA:9,0
DA:11,0
DA:12,0
DA:13,0
DA:14,0
DA:15,0
DA:17,0
DA:18,0
DA:19,0
DA:20,0
DA:24,0
DA:25,0
DA:26,0
DA:27,0
DA:31,0
DA:32,0
DA:34,0
DA:35,0
DA:38,0
DA:39,0
DA:40,0
DA:41,0
DA:44,0
DA:45,0
DA:46,0
LF:27
LH:0
end_of_record
SF:lib\src\presentation\blocs\gift_shop\gift_shop_cubit.dart
DA:6,0
DA:8,0
DA:9,0
DA:10,0
DA:11,0
DA:12,0
LF:6
LH:0
end_of_record
SF:lib\src\presentation\blocs\in_app\in_app_state.dart
DA:15,0
LF:1
LH:0
end_of_record
SF:lib\src\presentation\blocs\auth\auth_event.dart
DA:10,0
DA:18,0
DA:25,0
DA:31,0
DA:38,0
DA:46,0
DA:54,0
DA:60,0
LF:8
LH:0
end_of_record
SF:lib\src\presentation\blocs\store_home\store_home_state.dart
DA:10,0
LF:1
LH:0
end_of_record
SF:lib\src\presentation\blocs\review\review_cubit.dart
DA:6,0
DA:8,0
DA:10,0
DA:11,0
DA:12,0
DA:13,0
DA:14,0
DA:16,0
DA:17,0
DA:18,0
DA:19,0
LF:11
LH:0
end_of_record
SF:lib\src\presentation\blocs\sound\sound_state.dart
DA:14,0
DA:16,0
LF:2
LH:0
end_of_record
SF:lib\src\presentation\blocs\setting\theme_mode_cubit.dart
DA:5,0
DA:7,0
DA:8,0
DA:9,0
DA:10,0
DA:13,0
DA:14,0
DA:16,0
DA:17,0
DA:30,0
DA:32,0
DA:33,0
DA:34,0
DA:39,0
DA:41,0
DA:42,0
DA:43,0
LF:17
LH:0
end_of_record
SF:lib\src\presentation\blocs\auth\auth_state.dart
DA:8,1
DA:14,0
DA:19,0
DA:20,0
DA:21,0
DA:22,0
DA:31,0
DA:33,0
DA:34,0
LF:9
LH:1
end_of_record
SF:lib\src\presentation\blocs\camera\camera_cubit.dart
DA:5,0
DA:7,0
DA:8,0
DA:11,0
DA:12,0
DA:15,0
DA:16,0
DA:17,0
DA:21,0
DA:22,0
DA:23,0
DA:26,0
DA:27,0
DA:28,0
DA:31,0
DA:32,0
DA:37,0
DA:40,0
DA:41,0
DA:47,0
DA:50,0
DA:51,0
DA:52,0
DA:53,0
DA:54,0
DA:55,0
DA:56,0
DA:58,0
DA:59,0
DA:66,0
DA:67,0
DA:69,0
DA:70,0
DA:72,0
DA:77,0
DA:78,0
DA:80,0
DA:81,0
DA:85,0
DA:86,0
DA:92,0
DA:93,0
DA:96,0
DA:97,0
DA:101,0
DA:102,0
DA:108,0
LF:47
LH:0
end_of_record
SF:lib\src\presentation\blocs\live_comment\live_comment_state.dart
DA:14,0
DA:18,0
DA:19,0
DA:20,0
DA:21,0
DA:22,0
LF:6
LH:0
end_of_record
SF:lib\src\presentation\blocs\hashtag\hashtag_cubit.dart
DA:7,0
DA:9,0
DA:10,0
DA:13,0
DA:14,0
DA:16,0
DA:18,0
DA:24,0
DA:26,0
DA:27,0
DA:28,0
DA:29,0
DA:33,0
DA:34,0
DA:38,0
LF:15
LH:0
end_of_record
SF:lib\src\presentation\blocs\video\video_state.dart
DA:13,0
LF:1
LH:0
end_of_record
SF:lib\src\presentation\blocs\video\video_cubit.dart
DA:10,0
DA:12,0
DA:13,0
DA:16,0
DA:17,0
DA:18,0
DA:19,0
DA:20,0
DA:21,0
DA:22,0
DA:24,0
DA:25,0
DA:26,0
DA:29,0
DA:30,0
DA:31,0
DA:32,0
DA:34,0
DA:35,0
DA:36,0
DA:39,0
DA:40,0
DA:41,0
DA:42,0
DA:43,0
DA:46,0
DA:47,0
DA:50,0
DA:51,0
DA:52,0
DA:54,0
DA:56,0
DA:59,0
DA:60,0
DA:61,0
DA:63,0
DA:64,0
DA:67,0
DA:68,0
DA:70,0
DA:72,0
DA:75,0
DA:76,0
DA:79,0
DA:80,0
DA:81,0
DA:82,0
DA:85,0
DA:86,0
DA:87,0
DA:88,0
DA:91,0
DA:92,0
DA:99,0
DA:100,0
DA:103,0
DA:104,0
DA:105,0
DA:106,0
DA:109,0
DA:110,0
DA:111,0
DA:115,0
DA:116,0
DA:117,0
DA:119,0
DA:120,0
DA:122,0
DA:123,0
DA:126,0
DA:127,0
DA:128,0
DA:129,0
DA:132,0
DA:133,0
DA:134,0
DA:135,0
DA:136,0
DA:140,0
DA:141,0
DA:142,0
DA:145,0
DA:146,0
DA:147,0
DA:151,0
DA:152,0
DA:153,0
DA:154,0
DA:157,0
DA:158,0
DA:159,0
DA:160,0
DA:161,0
DA:162,0
DA:163,0
DA:166,0
DA:167,0
DA:168,0
DA:169,0
LF:99
LH:0
end_of_record
SF:lib\src\presentation\blocs\download\download_cubit.dart
DA:5,0
DA:7,0
DA:8,0
DA:9,0
LF:4
LH:0
end_of_record
SF:lib\src\presentation\blocs\user\user_cubit.dart
DA:7,0
DA:9,0
DA:10,0
DA:12,0
DA:13,0
DA:15,0
DA:16,0
DA:17,0
DA:18,0
DA:21,0
DA:22,0
DA:24,0
DA:25,0
DA:28,0
DA:30,0
DA:32,0
DA:33,0
DA:34,0
DA:35,0
DA:36,0
DA:37,0
DA:38,0
DA:39,0
DA:42,0
DA:43,0
DA:44,0
DA:45,0
DA:48,0
DA:49,0
DA:50,0
DA:51,0
DA:52,0
DA:54,0
DA:55,0
DA:56,0
DA:60,0
DA:61,0
DA:62,0
DA:63,0
DA:64,0
DA:66,0
DA:67,0
DA:68,0
DA:72,0
DA:73,0
DA:74,0
DA:75,0
DA:76,0
DA:78,0
DA:79,0
DA:80,0
DA:84,0
DA:85,0
DA:86,0
DA:87,0
DA:88,0
DA:90,0
DA:91,0
DA:92,0
DA:96,0
DA:97,0
DA:98,0
DA:99,0
DA:100,0
DA:102,0
DA:103,0
DA:104,0
DA:108,0
DA:109,0
DA:110,0
DA:111,0
DA:112,0
DA:114,0
DA:115,0
DA:116,0
DA:120,0
DA:121,0
DA:124,0
DA:126,0
DA:127,0
DA:128,0
LF:81
LH:0
end_of_record
SF:lib\src\presentation\blocs\search\search_cubit.dart
DA:7,0
DA:9,0
DA:10,0
DA:11,0
DA:13,0
DA:14,0
DA:15,0
DA:16,0
DA:17,0
DA:21,0
DA:22,0
DA:23,0
DA:27,0
DA:28,0
DA:29,0
DA:33,0
DA:34,0
DA:36,0
DA:37,0
DA:38,0
DA:42,0
DA:43,0
DA:44,0
DA:45,0
LF:24
LH:0
end_of_record
SF:lib\src\presentation\blocs\delivery_address\delivery_address_cubit.dart
DA:7,0
DA:9,0
DA:10,0
DA:13,0
DA:14,0
DA:17,0
DA:18,0
DA:20,0
DA:21,0
DA:22,0
DA:23,0
DA:24,0
DA:25,0
DA:26,0
DA:27,0
DA:31,0
DA:32,0
DA:33,0
DA:36,0
DA:37,0
DA:38,0
DA:43,0
DA:44,0
DA:45,0
DA:48,0
DA:52,0
DA:53,0
DA:54,0
DA:58,0
DA:59,0
DA:62,0
DA:66,0
DA:67,0
DA:68,0
DA:71,0
DA:74,0
DA:78,0
DA:79,0
DA:80,0
DA:83,0
DA:84,0
DA:85,0
DA:86,0
DA:87,0
DA:92,0
DA:93,0
DA:96,0
DA:97,0
DA:98,0
DA:99,0
DA:104,0
DA:105,0
DA:108,0
DA:109,0
DA:110,0
DA:111,0
DA:116,0
DA:117,0
DA:120,0
DA:121,0
[...]
DA:81,0
DA:82,0
DA:83,0
DA:84,0
DA:85,0
DA:87,0
DA:88,0
DA:90,0
DA:92,0
DA:93,0
DA:94,0
DA:95,0
DA:96,0
DA:97,0
DA:98,0
DA:103,0
DA:104,0
DA:105,0
DA:107,0
DA:108,0
DA:110,0
DA:112,0
DA:113,0
DA:114,0
DA:115,0
DA:116,0
DA:117,0
DA:118,0
DA:123,0
DA:124,0
DA:125,0
DA:127,0
DA:128,0
DA:130,0
DA:132,0
DA:133,0
DA:134,0
DA:135,0
DA:136,0
DA:137,0
DA:138,0
DA:143,0
DA:144,0
DA:145,0
DA:147,0
DA:148,0
DA:150,0
DA:152,0
DA:153,0
DA:154,0
DA:155,0
DA:156,0
DA:157,0
DA:158,0
DA:163,0
DA:164,0
DA:165,0
DA:166,0
DA:167,0
DA:168,0
DA:176,0
DA:177,0
DA:178,0
DA:179,0
DA:181,0
DA:183,0
DA:184,0
DA:185,0
DA:186,0
DA:188,0
DA:189,0
DA:190,0
DA:191,0
DA:193,0
DA:194,0
DA:196,0
DA:202,0
DA:203,0
DA:204,0
DA:205,0
DA:206,0
DA:207,0
DA:208,0
DA:209,0
DA:210,0
DA:214,0
DA:215,0
DA:222,0
DA:223,0
DA:230,0
LF:136
LH:0
end_of_record
SF:lib\src\presentation\pages\shop\pages\order\refund_order_page.dart
DA:4,1
DA:6,0
DA:7,0
DA:14,0
DA:15,0
DA:22,0
DA:26,0
DA:28,0
DA:29,0
DA:30,0
DA:31,0
DA:32,0
DA:33,0
DA:34,0
DA:35,0
DA:36,0
DA:37,0
DA:38,0
DA:39,0
DA:41,0
DA:42,0
DA:46,0
DA:47,0
DA:48,0
DA:51,0
DA:52,0
DA:53,0
DA:54,0
DA:55,0
DA:59,0
DA:60,0
DA:62,0
DA:63,0
DA:64,0
DA:65,0
DA:67,0
DA:68,0
DA:69,0
DA:70,0
DA:74,0
DA:75,0
DA:76,0
DA:77,0
DA:79,0
DA:80,0
DA:81,0
DA:82,0
DA:84,0
DA:88,0
DA:89,0
DA:90,0
DA:91,0
DA:92,0
DA:93,0
DA:94,0
DA:95,0
DA:97,0
DA:98,0
DA:99,0
DA:100,0
DA:104,0
DA:105,0
DA:106,0
DA:107,0
DA:108,0
DA:110,0
DA:115,0
DA:116,0
DA:117,0
DA:118,0
DA:119,0
DA:121,0
LF:72
LH:1
end_of_record
SF:lib\src\presentation\pages\shop\widgets\flash_sale_product.dart
DA:5,0
DA:10,0
DA:11,0
DA:12,0
DA:13,0
DA:14,0
DA:19,0
DA:23,0
DA:25,0
DA:26,0
DA:27,0
DA:28,0
DA:29,0
DA:30,0
DA:32,0
DA:34,0
DA:35,0
DA:36,0
DA:37,0
DA:38,0
DA:39,0
DA:42,0
DA:43,0
DA:44,0
DA:46,0
DA:47,0
DA:48,0
DA:49,0
DA:51,0
DA:52,0
DA:54,0
DA:55,0
DA:56,0
DA:57,0
DA:60,0
DA:62,0
DA:63,0
DA:64,0
DA:66,0
DA:67,0
DA:68,0
DA:69,0
DA:70,0
DA:74,0
DA:75,0
DA:76,0
DA:81,0
DA:84,0
DA:85,0
DA:87,0
DA:88,0
DA:89,0
DA:90,0
LF:53
LH:0
end_of_record
SF:lib\src\presentation\pages\shop\widgets\order_summary_payment_method.dart
DA:5,0
DA:7,0
DA:9,0
DA:10,0
DA:11,0
DA:12,0
DA:13,0
DA:14,0
DA:16,0
DA:17,0
DA:18,0
DA:21,0
DA:22,0
DA:23,0
DA:26,0
DA:30,0
DA:31,0
DA:32,0
DA:33,0
DA:34,0
DA:35,0
DA:36,0
DA:37,0
DA:38,0
DA:42,0
DA:43,0
DA:44,0
DA:45,0
DA:46,0
DA:47,0
DA:48,0
DA:49,0
DA:50,0
DA:51,0
DA:52,0
DA:53,0
DA:54,0
DA:58,0
LF:38
LH:0
end_of_record
SF:lib\src\presentation\pages\shop\widgets\cancel_order_product_item.dart
DA:6,0
DA:11,0
DA:13,0
DA:14,0
DA:15,0
DA:16,0
DA:17,0
DA:18,0
DA:19,0
DA:20,0
DA:22,0
DA:23,0
DA:24,0
DA:25,0
DA:27,0
DA:28,0
LF:16
LH:0
end_of_record
SF:lib\src\presentation\pages\shop\widgets\shop_product.dart
DA:4,0
DA:6,0
DA:8,0
DA:9,0
DA:10,0
DA:11,0
DA:12,0
DA:13,0
DA:14,0
DA:15,0
DA:16,0
DA:17,0
DA:18,0
DA:21,0
DA:22,0
DA:23,0
DA:24,0
DA:25,0
DA:28,0
DA:29,0
DA:30,0
DA:31,0
DA:32,0
DA:33,0
DA:35,0
DA:38,0
DA:39,0
DA:41,0
DA:44,0
DA:45,0
LF:30
LH:0
end_of_record
SF:lib\src\presentation\pages\shop\widgets\request_item.dart
DA:4,0
DA:7,0
DA:9,0
DA:10,0
DA:11,0
DA:13,0
DA:14,0
DA:15,0
DA:16,0
DA:17,0
DA:19,0
LF:11
LH:0
end_of_record
SF:lib\src\presentation\pages\shop\widgets\button_save.dart
DA:4,0
DA:11,0
DA:13,0
DA:14,0
DA:15,0
DA:16,0
DA:17,0
DA:18,0
DA:20,0
DA:21,0
DA:22,0
DA:24,0
DA:25,0
DA:26,0
DA:27,0
DA:30,0
DA:31,0
DA:32,0
DA:33,0
DA:35,0
LF:20
LH:0
end_of_record
SF:lib\src\presentation\pages\shop\widgets\evaluate_star_list.dart
DA:4,0
DA:9,0
DA:11,0
DA:12,0
DA:13,0
DA:14,0
DA:15,0
DA:16,0
DA:17,0
LF:9
LH:0
end_of_record
SF:lib\src\presentation\pages\shop\widgets\find_product_body_bottom_sheet.dart
DA:9,0
DA:17,0
DA:19,0
DA:20,0
DA:21,0
DA:23,0
DA:24,0
DA:25,0
DA:26,0
DA:27,0
DA:28,0
DA:29,0
DA:31,0
DA:32,0
DA:33,0
DA:34,0
DA:35,0
DA:37,0
DA:40,0
DA:41,0
DA:42,0
DA:44,0
DA:51,0
DA:52,0
DA:53,0
DA:54,0
DA:56,0
DA:57,0
DA:58,0
DA:59,0
DA:61,0
LF:31
LH:0
end_of_record
SF:lib\src\presentation\pages\shop\widgets\order_from_seller_list.dart
DA:6,0
DA:11,0
DA:13,0
DA:14,0
DA:15,0
DA:16,0
DA:17,0
DA:18,0
DA:19,0
DA:20,0
DA:21,0
DA:25,0
DA:26,0
DA:30,0
DA:31,0
DA:32,0
DA:33,0
DA:36,0
DA:37,0
DA:38,0
DA:39,0
DA:40,0
DA:41,0
DA:42,0
DA:44,0
DA:45,0
DA:48,0
DA:49,0
DA:50,0
DA:51,0
DA:52,0
DA:56,0
DA:61,0
DA:62,0
DA:63,0
DA:64,0
DA:65,0
DA:70,0
DA:71,0
DA:77,0
DA:78,0
DA:79,0
DA:80,0
LF:43
LH:0
end_of_record
SF:lib\src\presentation\pages\shop\widgets\flash_sale_banner.dart
DA:5,0
DA:7,0
DA:9,0
DA:10,0
DA:11,0
DA:12,0
DA:13,0
DA:14,0
DA:15,0
DA:16,0
DA:17,0
DA:18,0
DA:19,0
DA:20,0
DA:23,0
DA:26,0
DA:31,0
DA:35,0
DA:36,0
DA:37,0
DA:38,0
DA:39,0
DA:40,0
DA:41,0
LF:24
LH:0
end_of_record
SF:lib\src\presentation\pages\shop\widgets\product_filter_result.dart
DA:4,0
DA:6,0
DA:8,0
DA:9,0
DA:10,0
DA:11,0
DA:12,0
DA:15,0
DA:16,0
DA:17,0
DA:20,0
DA:21,0
DA:23,0
DA:25,0
DA:26,0
LF:15
LH:0
end_of_record
SF:lib\src\presentation\pages\shop\widgets\product_review_info.dart
DA:4,0
DA:6,0
DA:8,0
DA:9,0
DA:10,0
DA:12,0
DA:13,0
DA:14,0
DA:15,0
DA:16,0
DA:17,0
DA:18,0
DA:19,0
DA:20,0
DA:22,0
DA:23,0
DA:24,0
DA:25,0
DA:26,0
DA:27,0
DA:28,0
DA:32,0
DA:34,0
DA:35,0
DA:36,0
DA:37,0
LF:26
LH:0
end_of_record
SF:lib\src\presentation\pages\shop\widgets\video_product_item.dart
DA:4,0
DA:9,0
DA:11,0
DA:12,0
DA:13,0
DA:14,0
DA:15,0
DA:16,0
DA:17,0
DA:18,0
DA:19,0
DA:23,0
DA:25,0
DA:26,0
DA:27,0
DA:28,0
DA:29,0
DA:30,0
DA:32,0
DA:34,0
DA:35,0
LF:21
LH:0
end_of_record
SF:lib\src\presentation\pages\shop\widgets\product_filter_tabbar.dart
DA:5,0
DA:7,0
DA:9,0
DA:10,0
DA:17,0
DA:18,0
DA:19,0
DA:20,0
DA:21,0
DA:22,0
DA:23,0
DA:24,0
DA:25,0
DA:28,0
DA:29,0
DA:30,0
DA:31,0
LF:17
LH:0
end_of_record
SF:lib\src\presentation\pages\shop\widgets\find_product_service_promotion_section.dart
DA:4,0
DA:6,0
DA:8,0
DA:9,0
DA:10,0
DA:11,0
DA:12,0
DA:13,0
DA:14,0
DA:15,0
DA:16,0
DA:17,0
DA:18,0
DA:21,0
LF:14
LH:0
end_of_record
SF:lib\src\presentation\pages\shop\widgets\order_from_seller_item_chat.dart
DA:6,0
DA:11,0
DA:13,0
DA:14,0
DA:15,0
DA:16,0
DA:21,0
DA:22,0
DA:23,0
DA:24,0
DA:25,0
DA:27,0
DA:28,0
DA:29,0
DA:30,0
LF:15
LH:0
end_of_record
SF:lib\src\presentation\pages\shop\widgets\find_product_filter_drawer.dart
DA:6,0
DA:8,0
DA:10,0
DA:11,0
DA:14,0
DA:15,0
DA:16,0
DA:17,0
DA:18,0
DA:19,0
DA:20,0
DA:23,0
DA:24,0
DA:25,0
DA:26,0
DA:27,0
DA:29,0
DA:31,0
DA:36,0
DA:37,0
DA:38,0
DA:39,0
DA:40,0
DA:42,0
DA:43,0
DA:44,0
DA:45,0
DA:46,0
DA:47,0
DA:48,0
DA:49,0
DA:50,0
DA:51,0
DA:52,0
DA:53,0
DA:54,0
DA:55,0
DA:57,0
DA:58,0
DA:59,0
DA:60,0
DA:61,0
DA:64,0
DA:65,0
DA:66,0
DA:67,0
DA:72,0
DA:73,0
DA:74,0
DA:75,0
DA:77,0
DA:78,0
DA:79,0
DA:80,0
DA:82,0
DA:83,0
DA:84,0
DA:85,0
DA:87,0
DA:90,0
LF:60
LH:0
end_of_record
SF:lib\src\presentation\pages\shop\widgets\find_product_price_range_input.dart
DA:7,0
DA:9,0
DA:11,0
DA:12,0
DA:13,0
DA:15,0
DA:16,0
DA:21,0
DA:22,0
DA:25,0
DA:26,0
DA:28,0
DA:29,0
DA:34,0
DA:35,0
LF:15
LH:0
end_of_record
SF:lib\src\presentation\pages\wallet\pages\wallet_page.dart
DA:4,1
DA:6,0
DA:7,0
DA:14,0
DA:16,0
DA:17,0
DA:18,0
DA:19,0
DA:20,0
DA:21,0
DA:24,0
DA:26,0
DA:27,0
DA:28,0
DA:29,0
DA:30,0
DA:32,0
DA:35,0
DA:37,0
DA:38,0
DA:39,0
DA:40,0
DA:41,0
DA:43,0
DA:44,0
DA:45,0
DA:46,0
DA:47,0
DA:48,0
DA:50,0
DA:51,0
DA:52,0
DA:53,0
DA:54,0
DA:55,0
DA:56,0
DA:57,0
DA:58,0
DA:59,0
DA:60,0
DA:61,0
DA:62,0
DA:64,0
DA:65,0
DA:66,0
DA:67,0
LF:46
LH:1
end_of_record
SF:lib\src\presentation\pages\wallet\widgets\custom_button.dart
DA:4,0
DA:9,0
DA:11,0
DA:12,0
DA:13,0
DA:18,0
DA:19,0
DA:20,0
DA:21,0
DA:22,0
DA:23,0
DA:24,0
DA:26,0
DA:27,0
DA:28,0
DA:29,0
DA:33,0
LF:17
LH:0
end_of_record
SF:lib\src\presentation\pages\wallet\pages\request_withdrawals_page.dart
DA:4,1
DA:6,0
DA:7,0
DA:18,0
DA:19,0
DA:20,0
DA:21,0
DA:22,0
DA:26,0
DA:28,0
DA:30,0
DA:31,0
DA:32,0
DA:33,0
DA:34,0
DA:35,0
DA:36,0
DA:37,0
DA:38,0
DA:39,0
DA:40,0
DA:41,0
DA:42,0
DA:43,0
DA:44,0
DA:45,0
DA:50,0
DA:51,0
DA:54,0
DA:55,0
DA:57,0
DA:58,0
DA:59,0
DA:61,0
DA:63,0
DA:64,0
DA:65,0
DA:67,0
DA:70,0
DA:71,0
DA:72,0
DA:74,0
DA:76,0
DA:77,0
DA:78,0
DA:79,0
DA:82,0
DA:86,0
DA:87,0
DA:88,0
DA:90,0
LF:51
LH:1
end_of_record
SF:lib\src\presentation\pages\wallet\pages\transaction_details_page.dart
DA:5,0
DA:7,0
DA:8,0
DA:12,0
DA:14,0
DA:15,0
DA:18,0
DA:20,0
DA:21,0
DA:22,0
DA:23,0
DA:24,0
DA:25,0
DA:26,0
DA:27,0
DA:28,0
DA:31,0
DA:34,0
DA:35,0
DA:36,0
DA:37,0
DA:38,0
DA:40,0
DA:41,0
DA:49,0
DA:50,0
DA:52,0
DA:53,0
DA:54,0
DA:55,0
DA:56,0
DA:57,0
DA:58,0
DA:60,0
DA:61,0
DA:62,0
DA:63,0
DA:64,0
DA:65,0
DA:67,0
DA:68,0
DA:69,0
DA:70,0
DA:71,0
DA:72,0
DA:74,0
DA:75,0
DA:76,0
DA:77,0
DA:78,0
DA:79,0
DA:81,0
DA:82,0
DA:83,0
DA:84,0
DA:85,0
DA:86,0
DA:88,0
DA:89,0
DA:90,0
DA:91,0
DA:92,0
DA:93,0
DA:95,0
DA:96,0
DA:97,0
DA:98,0
DA:99,0
DA:100,0
DA:101,0
DA:103,0
DA:104,0
DA:105,0
DA:106,0
DA:109,0
DA:110,0
DA:116,0
DA:117,0
DA:119,0
DA:120,0
DA:121,0
DA:122,0
DA:123,0
DA:124,0
DA:125,0
DA:127,0
DA:128,0
DA:129,0
DA:130,0
DA:131,0
DA:132,0
DA:134,0
DA:135,0
DA:136,0
DA:137,0
DA:138,0
DA:139,0
DA:141,0
DA:142,0
DA:143,0
DA:144,0
DA:145,0
DA:146,0
DA:148,0
DA:149,0
DA:150,0
DA:151,0
DA:152,0
DA:153,0
DA:155,0
DA:156,0
DA:157,0
DA:158,0
DA:159,0
DA:160,0
DA:162,0
DA:163,0
DA:164,0
DA:165,0
DA:166,0
DA:167,0
DA:169,0
DA:170,0
DA:171,0
DA:172,0
DA:173,0
DA:174,0
DA:176,0
DA:177,0
DA:178,0
DA:180,0
DA:181,0
DA:183,0
DA:185,0
DA:186,0
DA:187,0
DA:188,0
DA:189,0
DA:190,0
DA:191,0
DA:198,0
DA:200,0
DA:201,0
LF:143
LH:0
end_of_record
SF:lib\src\presentation\pages\wallet\widgets\add_coin.dart
DA:4,0
DA:6,0
DA:7,0
DA:13,0
DA:15,0
DA:16,0
DA:19,0
DA:21,0
DA:22,0
DA:23,0
DA:24,0
DA:25,0
DA:26,0
DA:27,0
DA:28,0
DA:30,0
DA:31,0
DA:32,0
DA:33,0
DA:34,0
DA:35,0
DA:36,0
DA:37,0
DA:39,0
DA:40,0
DA:41,0
DA:42,0
DA:46,0
DA:47,0
DA:48,0
DA:49,0
DA:50,0
DA:51,0
DA:52,0
DA:53,0
DA:54,0
DA:55,0
DA:58,0
DA:59,0
DA:60,0
DA:62,0
DA:63,0
DA:65,0
DA:66,0
DA:67,0
DA:68,0
DA:69,0
DA:71,0
DA:72,0
DA:73,0
DA:75,0
DA:76,0
DA:77,0
DA:82,0
DA:83,0
DA:84,0
DA:92,0
DA:93,0
DA:95,0
DA:96,0
DA:97,0
DA:98,0
DA:99,0
DA:101,0
DA:102,0
DA:103,0
DA:108,0
DA:109,0
DA:110,0
DA:111,0
DA:112,0
DA:113,0
DA:114,0
DA:116,0
DA:118,0
DA:119,0
DA:122,0
DA:123,0
DA:124,0
DA:125,0
DA:128,0
DA:129,0
DA:130,0
DA:131,0
DA:139,0
DA:140,0
DA:142,0
DA:143,0
DA:144,0
DA:146,0
DA:148,0
DA:150,0
DA:155,0
DA:156,0
DA:157,0
DA:158,0
DA:159,0
DA:161,0
DA:163,0
DA:164,0
DA:165,0
DA:166,0
DA:168,0
DA:169,0
DA:170,0
DA:171,0
DA:172,0
DA:174,0
DA:175,0
DA:176,0
DA:177,0
DA:190,0
DA:191,0
DA:192,0
DA:193,0
DA:194,0
DA:195,0
DA:198,0
DA:199,0
LF:119
LH:0
end_of_record
SF:lib\src\presentation\pages\wallet\widgets\history_transaction_item.dart
DA:9,0
DA:17,0
DA:18,0
DA:20,0
DA:22,0
DA:23,0
DA:25,0
DA:26,0
DA:27,0
DA:30,0
DA:33,0
DA:35,0
DA:36,0
DA:37,0
DA:38,0
DA:39,0
DA:40,0
DA:41,0
DA:42,0
DA:43,0
DA:46,0
DA:47,0
DA:48,0
DA:49,0
DA:50,0
DA:51,0
DA:52,0
DA:53,0
DA:54,0
DA:56,0
LF:30
LH:0
end_of_record
SF:lib\src\presentation\pages\wallet\pages\payment_method_page.dart
DA:5,0
DA:7,0
DA:8,0
DA:21,0
DA:23,0
DA:24,0
DA:27,0
DA:29,0
DA:30,0
DA:31,0
DA:32,0
DA:33,0
DA:34,0
DA:35,0
DA:37,0
DA:38,0
DA:39,0
DA:40,0
DA:41,0
DA:42,0
DA:43,0
DA:44,0
DA:45,0
DA:46,0
DA:47,0
DA:49,0
DA:50,0
DA:51,0
DA:52,0
DA:59,0
DA:60,0
DA:61,0
DA:62,0
DA:64,0
DA:65,0
DA:66,0
DA:70,0
DA:71,0
DA:73,0
DA:74,0
DA:75,0
DA:78,0
DA:79,0
DA:80,0
DA:81,0
DA:89,0
DA:90,0
DA:91,0
DA:92,0
DA:93,0
DA:94,0
DA:95,0
DA:96,0
DA:97,0
DA:102,0
DA:103,0
DA:104,0
DA:107,0
DA:108,0
DA:109,0
DA:110,0
DA:115,0
DA:125,0
LF:63
LH:0
end_of_record
SF:lib\src\presentation\pages\wallet\widgets\payment_widget.dart
DA:7,0
DA:9,0
DA:11,0
DA:12,0
DA:13,0
DA:14,0
DA:15,0
DA:16,0
DA:17,0
DA:19,0
DA:20,0
DA:21,0
DA:22,0
DA:25,0
DA:26,0
DA:28,0
DA:30,0
DA:31,0
DA:32,0
DA:33,0
DA:35,0
DA:36,0
DA:37,0
LF:23
LH:0
end_of_record
SF:lib\src\presentation\pages\wallet\widgets\coin_item.dart
DA:8,0
DA:10,0
DA:12,0
DA:13,0
DA:14,0
DA:15,0
DA:16,0
DA:17,0
DA:18,0
DA:19,0
DA:20,0
DA:23,0
DA:24,0
DA:26,0
DA:27,0
DA:28,0
DA:29,0
DA:30,0
DA:32,0
DA:33,0
DA:35,0
DA:36,0
DA:37,0
DA:38,0
DA:39,0
DA:41,0
DA:42,0
DA:43,0
DA:44,0
DA:51,0
DA:52,0
DA:53,0
LF:32
LH:0
end_of_record
SF:lib\src\presentation\pages\wallet\widgets\user_wallet_info_cart.dart
DA:4,0
DA:6,0
DA:7,0
DA:11,0
DA:13,0
DA:14,0
DA:15,0
DA:16,0
DA:17,0
DA:18,0
DA:19,0
DA:20,0
DA:24,0
DA:25,0
DA:26,0
DA:28,0
DA:29,0
DA:30,0
DA:31,0
DA:33,0
DA:34,0
DA:35,0
DA:36,0
DA:37,0
DA:38,0
DA:39,0
DA:41,0
DA:42,0
DA:43,0
DA:44,0
DA:48,0
DA:49,0
DA:50,0
DA:52,0
DA:53,0
DA:55,0
DA:56,0
DA:57,0
DA:58,0
DA:60,0
DA:61,0
DA:62,0
DA:63,0
DA:64,0
DA:70,0
DA:72,0
DA:73,0
DA:74,0
DA:75,0
DA:76,0
DA:77,0
DA:79,0
DA:84,0
DA:88,0
DA:89,0
DA:90,0
DA:91,0
DA:92,0
DA:93,0
LF:59
LH:0
end_of_record
SF:lib\src\presentation\pages\wallet\pages\payment_confirm_page.dart
DA:5,0
DA:7,0
DA:8,0
DA:14,0
DA:16,0
DA:17,0
DA:20,0
DA:21,0
DA:22,0
DA:25,0
DA:26,0
DA:30,0
DA:32,0
DA:34,0
DA:35,0
DA:36,0
DA:37,0
DA:38,0
DA:39,0
DA:40,0
DA:41,0
DA:42,0
DA:43,0
DA:44,0
DA:45,0
DA:46,0
DA:47,0
DA:48,0
DA:49,0
DA:54,0
DA:55,0
DA:56,0
DA:57,0
DA:58,0
DA:68,0
DA:69,0
DA:70,0
DA:71,0
DA:72,0
DA:73,0
DA:74,0
DA:75,0
DA:76,0
DA:79,0
DA:80,0
DA:82,0
DA:86,0
DA:87,0
DA:88,0
DA:89,0
DA:90,0
DA:91,0
DA:92,0
DA:93,0
DA:94,0
DA:95,0
DA:96,0
DA:98,0
DA:99,0
DA:100,0
DA:101,0
DA:103,0
DA:104,0
DA:105,0
DA:113,0
DA:114,0
DA:115,0
DA:116,0
DA:117,0
DA:118,0
DA:119,0
DA:120,0
DA:121,0
DA:124,0
DA:125,0
DA:127,0
DA:131,0
DA:132,0
DA:133,0
DA:134,0
DA:135,0
DA:136,0
DA:137,0
DA:138,0
DA:139,0
DA:140,0
DA:141,0
DA:143,0
DA:144,0
DA:145,0
DA:146,0
DA:156,0
DA:157,0
DA:158,0
DA:159,0
DA:160,0
DA:161,0
DA:162,0
DA:163,0
DA:164,0
DA:165,0
DA:168,0
DA:169,0
DA:171,0
DA:172,0
DA:173,0
DA:174,0
DA:175,0
DA:177,0
DA:179,0
DA:186,0
DA:187,0
DA:188,0
DA:189,0
DA:190,0
DA:192,0
DA:193,0
DA:197,0
DA:198,0
DA:202,0
DA:203,0
DA:204,0
DA:205,0
DA:206,0
DA:207,0
DA:208,0
DA:211,0
DA:213,0
LF:128
LH:0
end_of_record
SF:lib\src\presentation\pages\wallet\pages\vnpay_webview_page.dart
DA:5,0
DA:7,0
DA:8,0
DA:15,0
DA:17,0
DA:18,0
DA:21,0
DA:22,0
DA:23,0
DA:24,0
DA:25,0
DA:26,0
DA:27,0
DA:28,0
DA:29,0
DA:31,0
DA:32,0
DA:35,0
DA:37,0
DA:38,0
DA:40,0
DA:41,0
DA:43,0
DA:44,0
DA:47,0
DA:50,0
DA:54,0
DA:56,0
DA:57,0
DA:60,0
DA:63,0
DA:64,0
DA:65,0
DA:71,0
DA:74,0
DA:76,0
DA:77,0
DA:78,0
DA:79,0
DA:80,0
DA:82,0
LF:41
LH:0
end_of_record
SF:lib\src\presentation\pages\wallet\pages\contact_page.dart
DA:4,1
DA:6,0
DA:8,0
DA:9,0
DA:10,0
DA:11,0
DA:12,0
DA:13,0
DA:14,0
DA:16,0
DA:17,0
DA:18,0
DA:19,0
DA:21,0
DA:22,0
DA:23,0
DA:24,0
DA:26,0
DA:27,0
DA:28,0
DA:29,0
DA:31,0
DA:32,0
DA:33,0
DA:34,0
DA:36,0
DA:37,0
DA:39,0
DA:41,0
DA:42,0
DA:43,0
DA:44,0
DA:45,0
DA:47,0
DA:48,0
DA:50,0
DA:52,0
DA:53,0
DA:54,0
DA:55,0
DA:56,0
DA:58,0
DA:59,0
DA:61,0
DA:63,0
DA:64,0
DA:65,0
DA:66,0
DA:67,0
DA:69,0
LF:50
LH:1
end_of_record
SF:lib\src\presentation\pages\wallet\pages\request_success_page.dart
DA:5,0
DA:7,0
DA:9,0
DA:11,0
DA:12,0
DA:13,0
DA:14,0
DA:15,0
DA:16,0
DA:17,0
DA:18,0
DA:19,0
DA:20,0
DA:22,0
DA:23,0
DA:24,0
DA:25,0
DA:27,0
DA:28,0
DA:30,0
DA:35,0
DA:36,0
DA:37,0
DA:38,0
DA:39,0
DA:40,0
DA:42,0
DA:44,0
DA:47,0
DA:48,0
DA:49,0
DA:50,0
DA:51,0
DA:53,0
DA:54,0
LF:35
LH:0
end_of_record
SF:lib\src\presentation\widgets\items\post_preview_item.dart
DA:5,0
DA:10,0
DA:12,0
DA:13,0
DA:14,0
DA:15,0
DA:16,0
DA:17,0
DA:18,0
DA:19,0
DA:20,0
DA:23,0
DA:24,0
DA:25,0
DA:26,0
DA:27,0
DA:28,0
DA:29,0
DA:30,0
DA:31,0
LF:20
LH:0
end_of_record
SF:lib\src\presentation\widgets\items\keyword_suggest_item.dart
DA:18,0
DA:25,0
DA:26,0
DA:28,0
DA:29,0
DA:30,0
DA:31,0
DA:32,0
DA:33,0
DA:35,0
DA:36,0
DA:37,0
DA:39,0
DA:43,0
DA:44,0
DA:45,0
DA:46,0
DA:48,0
DA:49,0
DA:50,0
DA:56,0
DA:57,0
DA:60,0
DA:62,0
DA:63,0
DA:64,0
DA:65,0
DA:66,0
DA:67,0
DA:68,0
DA:69,0
DA:70,0
DA:71,0
DA:72,0
DA:73,0
LF:35
LH:0
end_of_record
SF:lib\src\presentation\widgets\items\list_voucher_product_body.dart
DA:8,0
DA:13,0
DA:14,0
DA:15,0
DA:16,0
DA:17,0
DA:18,0
DA:21,0
DA:22,0
DA:23,0
DA:24,0
DA:30,0
DA:32,0
DA:33,0
DA:34,0
DA:35,0
DA:36,0
DA:37,0
DA:38,0
DA:39,0
DA:41,0
DA:42,0
DA:44,0
DA:45,0
DA:46,0
DA:47,0
DA:48,0
DA:49,0
DA:51,0
DA:52,0
DA:53,0
DA:54,0
DA:58,0
DA:59,0
DA:68,0
DA:69,0
DA:70,0
DA:71,0
DA:72,0
DA:73,0
DA:76,0
DA:77,0
DA:88,0
DA:93,0
DA:95,0
DA:96,0
DA:99,0
DA:101,0
DA:102,0
DA:103,0
DA:104,0
LF:51
LH:0
end_of_record
SF:lib\src\presentation\widgets\items\nodata.dart
DA:6,5
DA:8,0
DA:10,0
DA:11,0
DA:13,0
DA:14,0
DA:15,0
DA:16,0
DA:17,0
DA:18,0
DA:20,0
LF:11
LH:1
end_of_record
SF:lib\src\presentation\widgets\items\voucher_term_body.dart
DA:4,0
DA:8,0
DA:10,0
DA:11,0
DA:12,0
DA:16,0
DA:17,0
DA:18,0
DA:20,0
DA:21,0
DA:22,0
DA:23,0
DA:24,0
DA:25,0
DA:26,0
DA:27,0
DA:28,0
DA:29,0
DA:30,0
DA:31,0
DA:32,0
DA:33,0
DA:34,0
DA:35,0
DA:36,0
LF:25
LH:0
end_of_record
SF:lib\src\presentation\widgets\items\shop_body.dart
DA:4,0
DA:6,0
DA:8,0
DA:10,0
DA:11,0
DA:12,0
DA:13,0
DA:14,0
DA:16,0
DA:18,0
DA:19,0
DA:20,0
DA:22,0
DA:23,0
DA:24,0
DA:25,0
DA:26,0
DA:27,0
DA:28,0
DA:29,0
DA:32,0
DA:33,0
DA:35,0
DA:36,0
DA:37,0
DA:38,0
DA:40,0
DA:41,0
DA:42,0
DA:43,0
DA:45,0
DA:46,0
DA:47,0
DA:48,0
DA:49,0
DA:51,0
DA:53,0
DA:54,0
DA:55,0
DA:56,0
DA:57,0
DA:58,0
DA:59,0
DA:61,0
DA:62,0
DA:63,0
DA:64,0
DA:66,0
DA:79,0
DA:80,0
DA:81,0
DA:83,0
DA:84,0
DA:85,0
DA:86,0
DA:92,0
DA:93,0
DA:94,0
DA:95,0
DA:96,0
DA:98,0
DA:99,0
DA:100,0
DA:101,0
LF:64
LH:0
end_of_record
SF:lib\src\presentation\widgets\layouts\auth_layout.dart
DA:6,0
DA:12,0
DA:14,0
DA:15,0
DA:18,0
DA:19,0
DA:20,0
DA:22,0
DA:28,0
LF:9
LH:0
end_of_record
SF:lib\src\presentation\widgets\items\list_voucher_product_item.dart
DA:6,0
DA:11,0
DA:13,0
DA:14,0
DA:15,0
DA:16,0
DA:18,0
DA:19,0
DA:20,0
DA:24,0
DA:25,0
DA:26,0
DA:27,0
DA:28,0
DA:29,0
DA:30,0
DA:31,0
DA:33,0
DA:34,0
DA:35,0
DA:38,0
DA:39,0
DA:40,0
DA:41,0
DA:42,0
DA:43,0
DA:44,0
DA:46,0
DA:47,0
DA:48,0
DA:53,0
DA:54,0
DA:55,0
DA:56,0
DA:57,0
DA:59,0
DA:60,0
DA:61,0
DA:62,0
DA:63,0
DA:64,0
DA:68,0
DA:69,0
DA:70,0
DA:71,0
DA:77,0
DA:78,0
DA:81,0
DA:82,0
DA:83,0
DA:84,0
DA:85,0
DA:87,0
DA:88,0
DA:89,0
DA:90,0
DA:91,0
DA:92,0
DA:96,0
DA:97,0
DA:98,0
DA:99,0
DA:100,0
DA:101,0
DA:113,0
DA:114,0
DA:115,0
DA:116,0
DA:117,0
LF:69
LH:0
end_of_record
SF:lib\src\presentation\widgets\layouts\sub_layout.dart
DA:27,0
DA:53,0
DA:54,0
DA:55,0
DA:58,0
DA:59,0
DA:62,0
DA:65,0
DA:67,0
DA:68,0
DA:69,0
DA:70,0
DA:71,0
DA:72,0
DA:74,0
DA:75,0
DA:76,0
DA:77,0
DA:78,0
DA:79,0
DA:80,0
DA:81,0
DA:82,0
DA:84,0
DA:86,0
DA:87,0
DA:88,0
DA:90,0
DA:91,0
DA:92,0
DA:95,0
DA:96,0
DA:97,0
DA:98,0
DA:103,0
DA:104,0
DA:105,0
DA:107,0
DA:113,0
DA:114,0
DA:115,0
DA:116,0
DA:122,0
DA:123,0
DA:126,0
DA:127,0
DA:128,0
DA:129,0
DA:130,0
DA:131,0
DA:138,0
LF:51
LH:0
end_of_record
SF:lib\src\presentation\widgets\items\voucher_item.dart
DA:5,0
DA:7,0
DA:9,0
DA:10,0
DA:11,0
DA:12,0
DA:13,0
DA:14,0
DA:16,0
DA:17,0
DA:18,0
DA:20,0
DA:21,0
DA:22,0
DA:23,0
DA:24,0
DA:25,0
DA:26,0
DA:29,0
DA:33,0
DA:34,0
DA:35,0
DA:39,0
DA:40,0
DA:41,0
DA:48,0
DA:49,0
DA:50,0
DA:51,0
DA:52,0
LF:30
LH:0
end_of_record
SF:lib\src\presentation\widgets\items\gift_body.dart
DA:7,0
DA:14,0
DA:16,0
DA:17,0
DA:18,0
DA:19,0
DA:20,0
DA:21,0
DA:23,0
DA:24,0
DA:25,0
DA:28,0
DA:31,0
DA:32,0
DA:33,0
DA:34,0
DA:35,0
DA:36,0
DA:37,0
DA:39,0
DA:40,0
DA:41,0
DA:42,0
DA:43,0
DA:44,0
DA:45,0
DA:46,0
DA:47,0
DA:54,0
DA:55,0
DA:56,0
DA:57,0
DA:59,0
DA:60,0
DA:61,0
DA:62,0
DA:63,0
DA:65,0
DA:72,0
DA:73,0
DA:74,0
DA:75,0
DA:76,0
DA:77,0
DA:78,0
DA:80,0
DA:84,0
DA:85,0
DA:86,0
DA:87,0
DA:88,0
DA:89,0
DA:96,0
DA:97,0
DA:98,0
DA:99,0
DA:100,0
DA:101,0
DA:102,0
DA:103,0
DA:105,0
DA:106,0
DA:107,0
DA:108,0
DA:109,0
DA:110,0
DA:111,0
DA:115,0
DA:116,0
DA:117,0
DA:120,0
DA:121,0
DA:122,0
DA:123,0
DA:124,0
DA:125,0
DA:126,0
DA:127,0
DA:131,0
DA:132,0
DA:143,0
DA:144,0
DA:145,0
DA:150,0
LF:84
LH:0
end_of_record
SF:lib\src\presentation\widgets\items\search_textfield.dart
DA:12,0
DA:23,0
DA:25,0
DA:26,0
DA:27,0
DA:28,0
DA:31,0
DA:32,0
DA:33,0
DA:35,0
DA:37,0
DA:39,0
DA:41,0
DA:42,0
DA:43,0
DA:44,0
DA:45,0
DA:46,0
DA:47,0
LF:19
LH:0
end_of_record
SF:lib\src\presentation\widgets\items\language_button.dart
DA:6,0
DA:11,0
DA:13,0
DA:14,0
DA:15,0
DA:16,0
DA:17,0
DA:18,0
DA:19,0
DA:20,0
DA:21,0
DA:22,0
DA:24,0
DA:25,0
LF:14
LH:0
end_of_record
